11:23:41 AM  [main] 	Initializing Control Panel
11:23:41 AM  [main] 	Windows Version:  Home  64-bit
11:23:41 AM  [main] 	XAMPP Version: 7.3.11
11:23:41 AM  [main] 	Control Panel Version: 3.2.4  [ Compiled: Jun 5th 2019 ]
11:23:41 AM  [main] 	You are not running with administrator rights! This will work for
11:23:41 AM  [main] 	most application stuff but whenever you do something with services
11:23:41 AM  [main] 	there will be a security dialogue or things will break! So think 
11:23:41 AM  [main] 	about running this application with administrator rights!
11:23:41 AM  [main] 	XAMPP Installation Directory: "c:\xampp\"
11:23:41 AM  [main] 	Checking for prerequisites
11:23:42 AM  [main] 	All prerequisites found
11:23:42 AM  [main] 	Initializing Modules
11:23:42 AM  [main] 	Starting Check-Timer
11:23:42 AM  [main] 	Control Panel Ready
11:23:45 AM  [Apache] 	Attempting to start Apache app...
11:23:45 AM  [Apache] 	Status change detected: running
12:02:50 PM  [Apache] 	Attempting to stop Apache (PID: 20620)
12:02:50 PM  [Apache] 	Attempting to stop Apache (PID: 22208)
12:02:50 PM  [Apache] 	Status change detected: stopped
12:02:52 PM  [main] 	Deinitializing Modules
12:02:52 PM  [main] 	Deinitializing Control Panel

9:45:16 AM  [main] 	Initializing Control Panel
9:45:16 AM  [main] 	Windows Version:  Home  64-bit
9:45:16 AM  [main] 	XAMPP Version: 7.3.11
9:45:16 AM  [main] 	Control Panel Version: 3.2.4  [ Compiled: Jun 5th 2019 ]
9:45:16 AM  [main] 	You are not running with administrator rights! This will work for
9:45:16 AM  [main] 	most application stuff but whenever you do something with services
9:45:16 AM  [main] 	there will be a security dialogue or things will break! So think 
9:45:16 AM  [main] 	about running this application with administrator rights!
9:45:16 AM  [main] 	XAMPP Installation Directory: "c:\xampp\"
9:45:16 AM  [main] 	Checking for prerequisites
9:45:16 AM  [main] 	All prerequisites found
9:45:16 AM  [main] 	Initializing Modules
9:45:16 AM  [main] 	Starting Check-Timer
9:45:16 AM  [main] 	Control Panel Ready
9:45:18 AM  [Apache] 	Attempting to start Apache app...
9:45:18 AM  [Apache] 	Status change detected: running
9:45:22 AM  [mysql] 	Attempting to start MySQL app...
9:45:23 AM  [mysql] 	Status change detected: running
10:02:32 AM  [mysql] 	Attempting to stop MySQL app...
10:02:32 AM  [mysql] 	Status change detected: stopped
10:02:33 AM  [Apache] 	Attempting to stop Apache (PID: 6816)
10:02:33 AM  [Apache] 	Attempting to stop Apache (PID: 9336)
10:02:33 AM  [Apache] 	Status change detected: stopped
10:02:34 AM  [main] 	Deinitializing Modules
10:02:34 AM  [main] 	Deinitializing Control Panel

