::1 - - [11/Oct/2020:14:29:47 -0700] "GET // HTTP/1.1" 302 - "-" "Mozilla/5.0 (Windows NT 10.0; Win64; x64) AppleWebKit/537.36 (KHTML, like Gecko) Chrome/85.0.4183.121 Safari/537.36"
::1 - - [11/Oct/2020:14:29:47 -0700] "GET /demo/ HTTP/1.1" 200 3704 "-" "Mozilla/5.0 (Windows NT 10.0; Win64; x64) AppleWebKit/537.36 (KHTML, like Gecko) Chrome/85.0.4183.121 Safari/537.36"
::1 - - [11/Oct/2020:14:29:50 -0700] "GET /demo/cve/ HTTP/1.1" 200 7644 "http://localhost/demo/" "Mozilla/5.0 (Windows NT 10.0; Win64; x64) AppleWebKit/537.36 (KHTML, like Gecko) Chrome/85.0.4183.121 Safari/537.36"
::1 - - [11/Oct/2020:14:30:02 -0700] "POST /demo/cve/tools/keywordsTool.php HTTP/1.1" 200 3397 "http://localhost/demo/cve/" "Mozilla/5.0 (Windows NT 10.0; Win64; x64) AppleWebKit/537.36 (KHTML, like Gecko) Chrome/85.0.4183.121 Safari/537.36"
::1 - - [11/Oct/2020:14:30:03 -0700] "POST /demo/cve/index.php HTTP/1.1" 200 7388 "http://localhost/demo/cve/tools/keywordsTool.php" "Mozilla/5.0 (Windows NT 10.0; Win64; x64) AppleWebKit/537.36 (KHTML, like Gecko) Chrome/85.0.4183.121 Safari/537.36"
::1 - - [11/Oct/2020:14:35:02 -0700] "-" 408 - "-" "-"
::1 - - [12/Oct/2020:11:23:51 -0700] "GET /bcit/ HTTP/1.1" 200 2 "-" "Mozilla/5.0 (Windows NT 10.0; Win64; x64) AppleWebKit/537.36 (KHTML, like Gecko) Chrome/85.0.4183.121 Safari/537.36"
::1 - - [12/Oct/2020:11:25:30 -0700] "GET /bcit/ HTTP/1.1" 200 2753 "-" "Mozilla/5.0 (Windows NT 10.0; Win64; x64) AppleWebKit/537.36 (KHTML, like Gecko) Chrome/85.0.4183.121 Safari/537.36"
::1 - - [12/Oct/2020:11:25:41 -0700] "GET /favicon.ico HTTP/1.1" 200 1150 "http://localhost/bcit/" "Mozilla/5.0 (Windows NT 10.0; Win64; x64) AppleWebKit/537.36 (KHTML, like Gecko) Chrome/85.0.4183.121 Safari/537.36"
::1 - - [12/Oct/2020:11:26:18 -0700] "GET /bcit/ HTTP/1.1" 200 4971 "-" "Mozilla/5.0 (Windows NT 10.0; Win64; x64) AppleWebKit/537.36 (KHTML, like Gecko) Chrome/85.0.4183.121 Safari/537.36"
::1 - - [12/Oct/2020:11:26:21 -0700] "GET /favicon.ico HTTP/1.1" 200 1150 "http://localhost/bcit/" "Mozilla/5.0 (Windows NT 10.0; Win64; x64) AppleWebKit/537.36 (KHTML, like Gecko) Chrome/85.0.4183.121 Safari/537.36"
::1 - - [12/Oct/2020:11:29:05 -0700] "GET /bcit/index.php?XDEBUG_SESSION_START=ECLIPSE_DBGP&KEY=16025273446161 HTTP/1.1" 200 2743 "-" "Mozilla/5.0 (Windows NT 10.0; Win64; x64; Trident/7.0; rv:11.0) like Gecko"
::1 - - [12/Oct/2020:11:29:05 -0700] "GET /bcit/css/w3.css HTTP/1.1" 404 1314 "http://localhost/bcit/index.php?XDEBUG_SESSION_START=ECLIPSE_DBGP&KEY=16025273446161" "Mozilla/5.0 (Windows NT 10.0; Win64; x64; Trident/7.0; rv:11.0) like Gecko"
::1 - - [12/Oct/2020:11:29:05 -0700] "GET /bcit/css/w3-theme-black.css HTTP/1.1" 404 1314 "http://localhost/bcit/index.php?XDEBUG_SESSION_START=ECLIPSE_DBGP&KEY=16025273446161" "Mozilla/5.0 (Windows NT 10.0; Win64; x64; Trident/7.0; rv:11.0) like Gecko"
::1 - - [12/Oct/2020:11:29:05 -0700] "GET /bcit/css/steve.css HTTP/1.1" 404 1314 "http://localhost/bcit/index.php?XDEBUG_SESSION_START=ECLIPSE_DBGP&KEY=16025273446161" "Mozilla/5.0 (Windows NT 10.0; Win64; x64; Trident/7.0; rv:11.0) like Gecko"
::1 - - [12/Oct/2020:11:29:05 -0700] "GET /bcit/css/w3.css HTTP/1.1" 404 1054 "-" "Mozilla/5.0 (Windows NT 10.0; Win64; x64; Trident/7.0; rv:11.0) like Gecko"
::1 - - [12/Oct/2020:11:29:05 -0700] "GET /bcit/css/w3-theme-black.css HTTP/1.1" 404 1054 "-" "Mozilla/5.0 (Windows NT 10.0; Win64; x64; Trident/7.0; rv:11.0) like Gecko"
::1 - - [12/Oct/2020:11:29:05 -0700] "GET /bcit/css/steve.css HTTP/1.1" 404 1054 "-" "Mozilla/5.0 (Windows NT 10.0; Win64; x64; Trident/7.0; rv:11.0) like Gecko"
::1 - - [12/Oct/2020:11:30:15 -0700] "GET /bcit/ HTTP/1.1" 200 2743 "-" "Mozilla/5.0 (Windows NT 10.0; Win64; x64) AppleWebKit/537.36 (KHTML, like Gecko) Chrome/85.0.4183.121 Safari/537.36"
::1 - - [12/Oct/2020:11:30:15 -0700] "GET /bcit/css/w3.css HTTP/1.1" 404 1054 "-" "Mozilla/5.0 (Windows NT 10.0; Win64; x64; Trident/7.0; rv:11.0) like Gecko"
::1 - - [12/Oct/2020:11:30:15 -0700] "GET /bcit/css/w3-theme-black.css HTTP/1.1" 404 1186 "http://localhost/bcit/" "Mozilla/5.0 (Windows NT 10.0; Win64; x64) AppleWebKit/537.36 (KHTML, like Gecko) Chrome/85.0.4183.121 Safari/537.36"
::1 - - [12/Oct/2020:11:30:15 -0700] "GET /bcit/css/w3.css HTTP/1.1" 404 1186 "http://localhost/bcit/" "Mozilla/5.0 (Windows NT 10.0; Win64; x64) AppleWebKit/537.36 (KHTML, like Gecko) Chrome/85.0.4183.121 Safari/537.36"
::1 - - [12/Oct/2020:11:30:15 -0700] "GET /bcit/css/steve.css HTTP/1.1" 404 1186 "http://localhost/bcit/" "Mozilla/5.0 (Windows NT 10.0; Win64; x64) AppleWebKit/537.36 (KHTML, like Gecko) Chrome/85.0.4183.121 Safari/537.36"
::1 - - [12/Oct/2020:11:30:15 -0700] "GET /bcit/css/w3-theme-black.css HTTP/1.1" 404 1054 "-" "Mozilla/5.0 (Windows NT 10.0; Win64; x64; Trident/7.0; rv:11.0) like Gecko"
::1 - - [12/Oct/2020:11:30:15 -0700] "GET /bcit/css/steve.css HTTP/1.1" 404 1054 "-" "Mozilla/5.0 (Windows NT 10.0; Win64; x64; Trident/7.0; rv:11.0) like Gecko"
::1 - - [12/Oct/2020:11:30:15 -0700] "GET /favicon.ico HTTP/1.1" 200 1150 "http://localhost/bcit/" "Mozilla/5.0 (Windows NT 10.0; Win64; x64) AppleWebKit/537.36 (KHTML, like Gecko) Chrome/85.0.4183.121 Safari/537.36"
::1 - - [12/Oct/2020:11:30:17 -0700] "GET /bcit/ HTTP/1.1" 200 2743 "-" "Mozilla/5.0 (Windows NT 10.0; Win64; x64) AppleWebKit/537.36 (KHTML, like Gecko) Chrome/85.0.4183.121 Safari/537.36"
::1 - - [12/Oct/2020:11:30:17 -0700] "GET /bcit/css/w3-theme-black.css HTTP/1.1" 404 1186 "http://localhost/bcit/" "Mozilla/5.0 (Windows NT 10.0; Win64; x64) AppleWebKit/537.36 (KHTML, like Gecko) Chrome/85.0.4183.121 Safari/537.36"
::1 - - [12/Oct/2020:11:30:17 -0700] "GET /bcit/css/w3.css HTTP/1.1" 404 1186 "http://localhost/bcit/" "Mozilla/5.0 (Windows NT 10.0; Win64; x64) AppleWebKit/537.36 (KHTML, like Gecko) Chrome/85.0.4183.121 Safari/537.36"
::1 - - [12/Oct/2020:11:30:17 -0700] "GET /bcit/css/steve.css HTTP/1.1" 404 1186 "http://localhost/bcit/" "Mozilla/5.0 (Windows NT 10.0; Win64; x64) AppleWebKit/537.36 (KHTML, like Gecko) Chrome/85.0.4183.121 Safari/537.36"
::1 - - [12/Oct/2020:11:30:17 -0700] "GET /bcit/css/w3.css HTTP/1.1" 404 1054 "-" "Mozilla/5.0 (Windows NT 10.0; Win64; x64; Trident/7.0; rv:11.0) like Gecko"
::1 - - [12/Oct/2020:11:30:17 -0700] "GET /bcit/css/w3-theme-black.css HTTP/1.1" 404 1054 "-" "Mozilla/5.0 (Windows NT 10.0; Win64; x64; Trident/7.0; rv:11.0) like Gecko"
::1 - - [12/Oct/2020:11:30:17 -0700] "GET /bcit/css/steve.css HTTP/1.1" 404 1054 "-" "Mozilla/5.0 (Windows NT 10.0; Win64; x64; Trident/7.0; rv:11.0) like Gecko"
::1 - - [12/Oct/2020:11:30:17 -0700] "GET /favicon.ico HTTP/1.1" 200 1150 "http://localhost/bcit/" "Mozilla/5.0 (Windows NT 10.0; Win64; x64) AppleWebKit/537.36 (KHTML, like Gecko) Chrome/85.0.4183.121 Safari/537.36"
::1 - - [12/Oct/2020:11:30:18 -0700] "GET /bcit/ HTTP/1.1" 200 2743 "-" "Mozilla/5.0 (Windows NT 10.0; Win64; x64) AppleWebKit/537.36 (KHTML, like Gecko) Chrome/85.0.4183.121 Safari/537.36"
::1 - - [12/Oct/2020:11:30:18 -0700] "GET /bcit/css/w3.css HTTP/1.1" 404 1186 "http://localhost/bcit/" "Mozilla/5.0 (Windows NT 10.0; Win64; x64) AppleWebKit/537.36 (KHTML, like Gecko) Chrome/85.0.4183.121 Safari/537.36"
::1 - - [12/Oct/2020:11:30:18 -0700] "GET /bcit/css/w3-theme-black.css HTTP/1.1" 404 1186 "http://localhost/bcit/" "Mozilla/5.0 (Windows NT 10.0; Win64; x64) AppleWebKit/537.36 (KHTML, like Gecko) Chrome/85.0.4183.121 Safari/537.36"
::1 - - [12/Oct/2020:11:30:18 -0700] "GET /bcit/css/steve.css HTTP/1.1" 404 1186 "http://localhost/bcit/" "Mozilla/5.0 (Windows NT 10.0; Win64; x64) AppleWebKit/537.36 (KHTML, like Gecko) Chrome/85.0.4183.121 Safari/537.36"
::1 - - [12/Oct/2020:11:30:18 -0700] "GET /bcit/css/w3.css HTTP/1.1" 404 1054 "-" "Mozilla/5.0 (Windows NT 10.0; Win64; x64; Trident/7.0; rv:11.0) like Gecko"
::1 - - [12/Oct/2020:11:30:18 -0700] "GET /bcit/css/w3-theme-black.css HTTP/1.1" 404 1054 "-" "Mozilla/5.0 (Windows NT 10.0; Win64; x64; Trident/7.0; rv:11.0) like Gecko"
::1 - - [12/Oct/2020:11:30:18 -0700] "GET /bcit/css/steve.css HTTP/1.1" 404 1054 "-" "Mozilla/5.0 (Windows NT 10.0; Win64; x64; Trident/7.0; rv:11.0) like Gecko"
::1 - - [12/Oct/2020:11:30:18 -0700] "GET /favicon.ico HTTP/1.1" 200 1150 "http://localhost/bcit/" "Mozilla/5.0 (Windows NT 10.0; Win64; x64) AppleWebKit/537.36 (KHTML, like Gecko) Chrome/85.0.4183.121 Safari/537.36"
::1 - - [12/Oct/2020:11:45:28 -0700] "GET /bcit/ HTTP/1.1" 200 2751 "-" "Mozilla/5.0 (Windows NT 10.0; Win64; x64) AppleWebKit/537.36 (KHTML, like Gecko) Chrome/85.0.4183.121 Safari/537.36"
::1 - - [12/Oct/2020:11:45:29 -0700] "GET /favicon.ico HTTP/1.1" 200 1150 "http://localhost/bcit/" "Mozilla/5.0 (Windows NT 10.0; Win64; x64) AppleWebKit/537.36 (KHTML, like Gecko) Chrome/85.0.4183.121 Safari/537.36"
::1 - - [12/Oct/2020:11:45:45 -0700] "GET /bcit/ HTTP/1.1" 200 2743 "-" "Mozilla/5.0 (Windows NT 10.0; Win64; x64) AppleWebKit/537.36 (KHTML, like Gecko) Chrome/85.0.4183.121 Safari/537.36"
::1 - - [12/Oct/2020:11:45:45 -0700] "GET /bcit/css/w3-theme-black.css HTTP/1.1" 200 1358 "http://localhost/bcit/" "Mozilla/5.0 (Windows NT 10.0; Win64; x64) AppleWebKit/537.36 (KHTML, like Gecko) Chrome/85.0.4183.121 Safari/537.36"
::1 - - [12/Oct/2020:11:45:45 -0700] "GET /bcit/css/steve.css HTTP/1.1" 200 826 "http://localhost/bcit/" "Mozilla/5.0 (Windows NT 10.0; Win64; x64) AppleWebKit/537.36 (KHTML, like Gecko) Chrome/85.0.4183.121 Safari/537.36"
::1 - - [12/Oct/2020:11:45:45 -0700] "GET /bcit/css/w3.css HTTP/1.1" 200 23361 "-" "Mozilla/5.0 (Windows NT 10.0; Win64; x64; Trident/7.0; rv:11.0) like Gecko"
::1 - - [12/Oct/2020:11:45:45 -0700] "GET /bcit/css/w3.css HTTP/1.1" 200 23361 "http://localhost/bcit/" "Mozilla/5.0 (Windows NT 10.0; Win64; x64) AppleWebKit/537.36 (KHTML, like Gecko) Chrome/85.0.4183.121 Safari/537.36"
::1 - - [12/Oct/2020:11:45:45 -0700] "GET /bcit/css/w3-theme-black.css HTTP/1.1" 200 1358 "-" "Mozilla/5.0 (Windows NT 10.0; Win64; x64; Trident/7.0; rv:11.0) like Gecko"
::1 - - [12/Oct/2020:11:45:45 -0700] "GET /bcit/css/steve.css HTTP/1.1" 200 826 "-" "Mozilla/5.0 (Windows NT 10.0; Win64; x64; Trident/7.0; rv:11.0) like Gecko"
::1 - - [12/Oct/2020:11:45:46 -0700] "GET /favicon.ico HTTP/1.1" 200 1150 "http://localhost/bcit/" "Mozilla/5.0 (Windows NT 10.0; Win64; x64) AppleWebKit/537.36 (KHTML, like Gecko) Chrome/85.0.4183.121 Safari/537.36"
::1 - - [12/Oct/2020:11:45:48 -0700] "GET /bcit/error.php HTTP/1.1" 200 3116 "http://localhost/bcit/" "Mozilla/5.0 (Windows NT 10.0; Win64; x64) AppleWebKit/537.36 (KHTML, like Gecko) Chrome/85.0.4183.121 Safari/537.36"
::1 - - [12/Oct/2020:11:46:28 -0700] "GET /bcit/tools/phpini.php HTTP/1.1" 404 1054 "-" "Mozilla/5.0 (Windows NT 10.0; Win64; x64) AppleWebKit/537.36 (KHTML, like Gecko) Chrome/85.0.4183.121 Safari/537.36"
::1 - - [12/Oct/2020:11:46:36 -0700] "GET /bcit/tools/phpinfo.php HTTP/1.1" 200 105299 "-" "Mozilla/5.0 (Windows NT 10.0; Win64; x64) AppleWebKit/537.36 (KHTML, like Gecko) Chrome/85.0.4183.121 Safari/537.36"
::1 - - [12/Oct/2020:11:48:06 -0700] "GET /bcit/tools/phpinfo.php HTTP/1.1" 404 1054 "-" "Mozilla/5.0 (Windows NT 10.0; Win64; x64) AppleWebKit/537.36 (KHTML, like Gecko) Chrome/85.0.4183.121 Safari/537.36"
::1 - - [12/Oct/2020:11:48:06 -0700] "GET /favicon.ico HTTP/1.1" 200 1150 "http://localhost/bcit/tools/phpinfo.php" "Mozilla/5.0 (Windows NT 10.0; Win64; x64) AppleWebKit/537.36 (KHTML, like Gecko) Chrome/85.0.4183.121 Safari/537.36"
::1 - - [12/Oct/2020:11:48:13 -0700] "GET /bcit/error.php HTTP/1.1" 200 3205 "http://localhost/bcit/" "Mozilla/5.0 (Windows NT 10.0; Win64; x64) AppleWebKit/537.36 (KHTML, like Gecko) Chrome/85.0.4183.121 Safari/537.36"
::1 - - [12/Oct/2020:11:48:13 -0700] "GET /favicon.ico HTTP/1.1" 200 1150 "http://localhost/bcit/error.php" "Mozilla/5.0 (Windows NT 10.0; Win64; x64) AppleWebKit/537.36 (KHTML, like Gecko) Chrome/85.0.4183.121 Safari/537.36"
::1 - - [12/Oct/2020:11:48:16 -0700] "GET /bcit/crypto.php HTTP/1.1" 200 3583 "http://localhost/bcit/error.php" "Mozilla/5.0 (Windows NT 10.0; Win64; x64) AppleWebKit/537.36 (KHTML, like Gecko) Chrome/85.0.4183.121 Safari/537.36"
::1 - - [12/Oct/2020:11:48:22 -0700] "POST /bcit/tools/cryptoTool.php HTTP/1.1" 200 3002 "http://localhost/bcit/crypto.php" "Mozilla/5.0 (Windows NT 10.0; Win64; x64) AppleWebKit/537.36 (KHTML, like Gecko) Chrome/85.0.4183.121 Safari/537.36"
::1 - - [12/Oct/2020:11:53:22 -0700] "-" 408 - "-" "-"
127.0.0.1 - - [12/Oct/2020:12:01:26 -0700] "GET /bcit/index.php?XDEBUG_SESSION_STOP_NO_EXEC=ECLIPSE_DBGP&KEY=16025273446161 HTTP/1.1" 200 19 "-" "Java/15"
::1 - - [18/Oct/2020:09:45:25 -0700] "GET /phpmyadmin/ HTTP/1.1" 200 14220 "-" "Mozilla/5.0 (Windows NT 10.0; Win64; x64) AppleWebKit/537.36 (KHTML, like Gecko) Chrome/86.0.4240.75 Safari/537.36"
::1 - - [18/Oct/2020:09:45:32 -0700] "GET /phpmyadmin/themes/pmahomme/jquery/jquery-ui.css HTTP/1.1" 200 37878 "-" "Mozilla/5.0 (Windows NT 10.0; Win64; x64) AppleWebKit/537.36 (KHTML, like Gecko) Chrome/86.0.4240.75 Safari/537.36"
::1 - - [18/Oct/2020:09:45:32 -0700] "GET /phpmyadmin/js/vendor/codemirror/addon/hint/show-hint.css?v=4.9.1 HTTP/1.1" 200 659 "-" "Mozilla/5.0 (Windows NT 10.0; Win64; x64) AppleWebKit/537.36 (KHTML, like Gecko) Chrome/86.0.4240.75 Safari/537.36"
::1 - - [18/Oct/2020:09:45:32 -0700] "GET /phpmyadmin/js/vendor/codemirror/lib/codemirror.css?v=4.9.1 HTTP/1.1" 200 9054 "-" "Mozilla/5.0 (Windows NT 10.0; Win64; x64) AppleWebKit/537.36 (KHTML, like Gecko) Chrome/86.0.4240.75 Safari/537.36"
::1 - - [18/Oct/2020:09:45:33 -0700] "GET /phpmyadmin/js/vendor/sprintf.js?v=4.9.1 HTTP/1.1" 200 7598 "-" "Mozilla/5.0 (Windows NT 10.0; Win64; x64) AppleWebKit/537.36 (KHTML, like Gecko) Chrome/86.0.4240.75 Safari/537.36"
::1 - - [18/Oct/2020:09:45:33 -0700] "GET /phpmyadmin/js/vendor/jquery/jquery-migrate.js?v=4.9.1 HTTP/1.1" 200 19751 "-" "Mozilla/5.0 (Windows NT 10.0; Win64; x64) AppleWebKit/537.36 (KHTML, like Gecko) Chrome/86.0.4240.75 Safari/537.36"
::1 - - [18/Oct/2020:09:45:32 -0700] "GET /phpmyadmin/js/vendor/codemirror/addon/lint/lint.css?v=4.9.1 HTTP/1.1" 200 3072 "-" "Mozilla/5.0 (Windows NT 10.0; Win64; x64) AppleWebKit/537.36 (KHTML, like Gecko) Chrome/86.0.4240.75 Safari/537.36"
::1 - - [18/Oct/2020:09:45:32 -0700] "GET /phpmyadmin/js/vendor/jquery/jquery.min.js?v=4.9.1 HTTP/1.1" 200 88147 "-" "Mozilla/5.0 (Windows NT 10.0; Win64; x64) AppleWebKit/537.36 (KHTML, like Gecko) Chrome/86.0.4240.75 Safari/537.36"
::1 - - [18/Oct/2020:09:45:33 -0700] "GET /phpmyadmin/js/vendor/js.cookie.js?v=4.9.1 HTTP/1.1" 200 4046 "-" "Mozilla/5.0 (Windows NT 10.0; Win64; x64) AppleWebKit/537.36 (KHTML, like Gecko) Chrome/86.0.4240.75 Safari/537.36"
::1 - - [18/Oct/2020:09:45:33 -0700] "GET /phpmyadmin/js/keyhandler.js?v=4.9.1 HTTP/1.1" 200 3473 "-" "Mozilla/5.0 (Windows NT 10.0; Win64; x64) AppleWebKit/537.36 (KHTML, like Gecko) Chrome/86.0.4240.75 Safari/537.36"
::1 - - [18/Oct/2020:09:45:33 -0700] "GET /phpmyadmin/js/ajax.js?v=4.9.1 HTTP/1.1" 200 32080 "-" "Mozilla/5.0 (Windows NT 10.0; Win64; x64) AppleWebKit/537.36 (KHTML, like Gecko) Chrome/86.0.4240.75 Safari/537.36"
::1 - - [18/Oct/2020:09:45:33 -0700] "GET /phpmyadmin/js/vendor/jquery/jquery.event.drag-2.2.js?v=4.9.1 HTTP/1.1" 200 13227 "-" "Mozilla/5.0 (Windows NT 10.0; Win64; x64) AppleWebKit/537.36 (KHTML, like Gecko) Chrome/86.0.4240.75 Safari/537.36"
::1 - - [18/Oct/2020:09:45:33 -0700] "GET /phpmyadmin/js/vendor/jquery/jquery.mousewheel.js?v=4.9.1 HTTP/1.1" 200 8488 "-" "Mozilla/5.0 (Windows NT 10.0; Win64; x64) AppleWebKit/537.36 (KHTML, like Gecko) Chrome/86.0.4240.75 Safari/537.36"
::1 - - [18/Oct/2020:09:45:33 -0700] "GET /phpmyadmin/js/vendor/jquery/jquery.validate.js?v=4.9.1 HTTP/1.1" 200 52319 "-" "Mozilla/5.0 (Windows NT 10.0; Win64; x64) AppleWebKit/537.36 (KHTML, like Gecko) Chrome/86.0.4240.75 Safari/537.36"
::1 - - [18/Oct/2020:09:45:33 -0700] "GET /phpmyadmin/js/vendor/jquery/jquery.debounce-1.0.5.js?v=4.9.1 HTTP/1.1" 200 1239 "-" "Mozilla/5.0 (Windows NT 10.0; Win64; x64) AppleWebKit/537.36 (KHTML, like Gecko) Chrome/86.0.4240.75 Safari/537.36"
::1 - - [18/Oct/2020:09:45:33 -0700] "GET /phpmyadmin/js/vendor/jquery/jquery.ba-hashchange-1.3.js?v=4.9.1 HTTP/1.1" 200 16912 "-" "Mozilla/5.0 (Windows NT 10.0; Win64; x64) AppleWebKit/537.36 (KHTML, like Gecko) Chrome/86.0.4240.75 Safari/537.36"
::1 - - [18/Oct/2020:09:45:33 -0700] "GET /phpmyadmin/js/menu-resizer.js?v=4.9.1 HTTP/1.1" 200 8540 "-" "Mozilla/5.0 (Windows NT 10.0; Win64; x64) AppleWebKit/537.36 (KHTML, like Gecko) Chrome/86.0.4240.75 Safari/537.36"
::1 - - [18/Oct/2020:09:45:33 -0700] "GET /phpmyadmin/js/vendor/jquery/jquery-ui-timepicker-addon.js?v=4.9.1 HTTP/1.1" 200 80766 "-" "Mozilla/5.0 (Windows NT 10.0; Win64; x64) AppleWebKit/537.36 (KHTML, like Gecko) Chrome/86.0.4240.75 Safari/537.36"
::1 - - [18/Oct/2020:09:45:33 -0700] "GET /phpmyadmin/js/cross_framing_protection.js?v=4.9.1 HTTP/1.1" 200 485 "-" "Mozilla/5.0 (Windows NT 10.0; Win64; x64) AppleWebKit/537.36 (KHTML, like Gecko) Chrome/86.0.4240.75 Safari/537.36"
::1 - - [18/Oct/2020:09:45:33 -0700] "GET /phpmyadmin/js/vendor/tracekit.js?v=4.9.1 HTTP/1.1" 200 46666 "-" "Mozilla/5.0 (Windows NT 10.0; Win64; x64) AppleWebKit/537.36 (KHTML, like Gecko) Chrome/86.0.4240.75 Safari/537.36"
::1 - - [18/Oct/2020:09:45:33 -0700] "GET /phpmyadmin/js/rte.js?v=4.9.1 HTTP/1.1" 200 48763 "-" "Mozilla/5.0 (Windows NT 10.0; Win64; x64) AppleWebKit/537.36 (KHTML, like Gecko) Chrome/86.0.4240.75 Safari/537.36"
::1 - - [18/Oct/2020:09:45:33 -0700] "GET /phpmyadmin/js/config.js?v=4.9.1 HTTP/1.1" 200 28412 "-" "Mozilla/5.0 (Windows NT 10.0; Win64; x64) AppleWebKit/537.36 (KHTML, like Gecko) Chrome/86.0.4240.75 Safari/537.36"
::1 - - [18/Oct/2020:09:45:33 -0700] "GET /phpmyadmin/js/vendor/jquery/jquery-ui.min.js?v=4.9.1 HTTP/1.1" 200 253694 "-" "Mozilla/5.0 (Windows NT 10.0; Win64; x64) AppleWebKit/537.36 (KHTML, like Gecko) Chrome/86.0.4240.75 Safari/537.36"
::1 - - [18/Oct/2020:09:45:33 -0700] "GET /phpmyadmin/js/error_report.js?v=4.9.1 HTTP/1.1" 200 11163 "-" "Mozilla/5.0 (Windows NT 10.0; Win64; x64) AppleWebKit/537.36 (KHTML, like Gecko) Chrome/86.0.4240.75 Safari/537.36"
::1 - - [18/Oct/2020:09:45:33 -0700] "GET /phpmyadmin/js/doclinks.js?v=4.9.1 HTTP/1.1" 200 21008 "-" "Mozilla/5.0 (Windows NT 10.0; Win64; x64) AppleWebKit/537.36 (KHTML, like Gecko) Chrome/86.0.4240.75 Safari/537.36"
::1 - - [18/Oct/2020:09:45:33 -0700] "GET /phpmyadmin/js/navigation.js?v=4.9.1 HTTP/1.1" 200 61673 "-" "Mozilla/5.0 (Windows NT 10.0; Win64; x64) AppleWebKit/537.36 (KHTML, like Gecko) Chrome/86.0.4240.75 Safari/537.36"
::1 - - [18/Oct/2020:09:45:33 -0700] "GET /phpmyadmin/js/indexes.js?v=4.9.1 HTTP/1.1" 200 28415 "-" "Mozilla/5.0 (Windows NT 10.0; Win64; x64) AppleWebKit/537.36 (KHTML, like Gecko) Chrome/86.0.4240.75 Safari/537.36"
::1 - - [18/Oct/2020:09:45:33 -0700] "GET /phpmyadmin/js/common.js?v=4.9.1 HTTP/1.1" 200 19746 "-" "Mozilla/5.0 (Windows NT 10.0; Win64; x64) AppleWebKit/537.36 (KHTML, like Gecko) Chrome/86.0.4240.75 Safari/537.36"
::1 - - [18/Oct/2020:09:45:33 -0700] "GET /phpmyadmin/js/page_settings.js?v=4.9.1 HTTP/1.1" 200 1808 "-" "Mozilla/5.0 (Windows NT 10.0; Win64; x64) AppleWebKit/537.36 (KHTML, like Gecko) Chrome/86.0.4240.75 Safari/537.36"
::1 - - [18/Oct/2020:09:45:33 -0700] "GET /phpmyadmin/js/functions.js?v=4.9.1 HTTP/1.1" 200 180351 "-" "Mozilla/5.0 (Windows NT 10.0; Win64; x64) AppleWebKit/537.36 (KHTML, like Gecko) Chrome/86.0.4240.75 Safari/537.36"
::1 - - [18/Oct/2020:09:45:33 -0700] "GET /phpmyadmin/js/shortcuts_handler.js?v=4.9.1 HTTP/1.1" 200 3365 "-" "Mozilla/5.0 (Windows NT 10.0; Win64; x64) AppleWebKit/537.36 (KHTML, like Gecko) Chrome/86.0.4240.75 Safari/537.36"
::1 - - [18/Oct/2020:09:45:33 -0700] "GET /phpmyadmin/js/vendor/codemirror/addon/runmode/runmode.js?v=4.9.1 HTTP/1.1" 200 2572 "-" "Mozilla/5.0 (Windows NT 10.0; Win64; x64) AppleWebKit/537.36 (KHTML, like Gecko) Chrome/86.0.4240.75 Safari/537.36"
::1 - - [18/Oct/2020:09:45:32 -0700] "GET /phpmyadmin/phpmyadmin.css.php?nocache=6409372561ltr&server=1 HTTP/1.1" 200 21037 "-" "Mozilla/5.0 (Windows NT 10.0; Win64; x64) AppleWebKit/537.36 (KHTML, like Gecko) Chrome/86.0.4240.75 Safari/537.36"
::1 - - [18/Oct/2020:09:45:33 -0700] "GET /phpmyadmin/js/vendor/codemirror/addon/hint/show-hint.js?v=4.9.1 HTTP/1.1" 200 17838 "-" "Mozilla/5.0 (Windows NT 10.0; Win64; x64) AppleWebKit/537.36 (KHTML, like Gecko) Chrome/86.0.4240.75 Safari/537.36"
::1 - - [18/Oct/2020:09:45:33 -0700] "GET /phpmyadmin/js/vendor/codemirror/mode/sql/sql.js?v=4.9.1 HTTP/1.1" 200 47945 "-" "Mozilla/5.0 (Windows NT 10.0; Win64; x64) AppleWebKit/537.36 (KHTML, like Gecko) Chrome/86.0.4240.75 Safari/537.36"
::1 - - [18/Oct/2020:09:45:33 -0700] "GET /phpmyadmin/js/codemirror/addon/lint/sql-lint.js?v=4.9.1 HTTP/1.1" 200 1086 "-" "Mozilla/5.0 (Windows NT 10.0; Win64; x64) AppleWebKit/537.36 (KHTML, like Gecko) Chrome/86.0.4240.75 Safari/537.36"
::1 - - [18/Oct/2020:09:45:33 -0700] "GET /phpmyadmin/js/whitelist.php?v=4.9.1 HTTP/1.1" 200 491 "-" "Mozilla/5.0 (Windows NT 10.0; Win64; x64) AppleWebKit/537.36 (KHTML, like Gecko) Chrome/86.0.4240.75 Safari/537.36"
::1 - - [18/Oct/2020:09:45:33 -0700] "GET /phpmyadmin/js/console.js?v=4.9.1 HTTP/1.1" 200 58775 "-" "Mozilla/5.0 (Windows NT 10.0; Win64; x64) AppleWebKit/537.36 (KHTML, like Gecko) Chrome/86.0.4240.75 Safari/537.36"
::1 - - [18/Oct/2020:09:45:33 -0700] "GET /phpmyadmin/js/vendor/codemirror/addon/lint/lint.js?v=4.9.1 HTTP/1.1" 200 8862 "-" "Mozilla/5.0 (Windows NT 10.0; Win64; x64) AppleWebKit/537.36 (KHTML, like Gecko) Chrome/86.0.4240.75 Safari/537.36"
::1 - - [18/Oct/2020:09:45:33 -0700] "GET /phpmyadmin/js/vendor/codemirror/addon/hint/sql-hint.js?v=4.9.1 HTTP/1.1" 200 9903 "-" "Mozilla/5.0 (Windows NT 10.0; Win64; x64) AppleWebKit/537.36 (KHTML, like Gecko) Chrome/86.0.4240.75 Safari/537.36"
::1 - - [18/Oct/2020:09:45:33 -0700] "GET /phpmyadmin/js/messages.php?l=en&v=4.9.1 HTTP/1.1" 200 8884 "-" "Mozilla/5.0 (Windows NT 10.0; Win64; x64) AppleWebKit/537.36 (KHTML, like Gecko) Chrome/86.0.4240.75 Safari/537.36"
::1 - - [18/Oct/2020:09:45:33 -0700] "GET /phpmyadmin/js/vendor/codemirror/lib/codemirror.js?v=4.9.1 HTTP/1.1" 200 405425 "-" "Mozilla/5.0 (Windows NT 10.0; Win64; x64) AppleWebKit/537.36 (KHTML, like Gecko) Chrome/86.0.4240.75 Safari/537.36"
::1 - - [18/Oct/2020:09:45:33 -0700] "GET /phpmyadmin/themes/pmahomme/img/logo_left.png HTTP/1.1" 200 2713 "-" "Mozilla/5.0 (Windows NT 10.0; Win64; x64) AppleWebKit/537.36 (KHTML, like Gecko) Chrome/86.0.4240.75 Safari/537.36"
::1 - - [18/Oct/2020:09:45:33 -0700] "GET /phpmyadmin/themes/dot.gif HTTP/1.1" 200 43 "-" "Mozilla/5.0 (Windows NT 10.0; Win64; x64) AppleWebKit/537.36 (KHTML, like Gecko) Chrome/86.0.4240.75 Safari/537.36"
::1 - - [18/Oct/2020:09:45:33 -0700] "GET /phpmyadmin/themes/pmahomme/css/printview.css?v=4.9.1 HTTP/1.1" 200 2915 "-" "Mozilla/5.0 (Windows NT 10.0; Win64; x64) AppleWebKit/537.36 (KHTML, like Gecko) Chrome/86.0.4240.75 Safari/537.36"
::1 - - [18/Oct/2020:09:45:33 -0700] "GET /phpmyadmin/themes/pmahomme/img/left_nav_bg.png HTTP/1.1" 200 146 "http://localhost/phpmyadmin/phpmyadmin.css.php?nocache=6409372561ltr&server=1" "Mozilla/5.0 (Windows NT 10.0; Win64; x64) AppleWebKit/537.36 (KHTML, like Gecko) Chrome/86.0.4240.75 Safari/537.36"
::1 - - [18/Oct/2020:09:45:33 -0700] "GET /phpmyadmin/themes/pmahomme/img/b_home.png HTTP/1.1" 200 734 "http://localhost/phpmyadmin/phpmyadmin.css.php?nocache=6409372561ltr&server=1" "Mozilla/5.0 (Windows NT 10.0; Win64; x64) AppleWebKit/537.36 (KHTML, like Gecko) Chrome/86.0.4240.75 Safari/537.36"
::1 - - [18/Oct/2020:09:45:33 -0700] "GET /phpmyadmin/themes/pmahomme/img/s_loggoff.png HTTP/1.1" 200 626 "http://localhost/phpmyadmin/phpmyadmin.css.php?nocache=6409372561ltr&server=1" "Mozilla/5.0 (Windows NT 10.0; Win64; x64) AppleWebKit/537.36 (KHTML, like Gecko) Chrome/86.0.4240.75 Safari/537.36"
::1 - - [18/Oct/2020:09:45:34 -0700] "GET /phpmyadmin/themes/pmahomme/img/b_sqlhelp.png HTTP/1.1" 200 512 "http://localhost/phpmyadmin/phpmyadmin.css.php?nocache=6409372561ltr&server=1" "Mozilla/5.0 (Windows NT 10.0; Win64; x64) AppleWebKit/537.36 (KHTML, like Gecko) Chrome/86.0.4240.75 Safari/537.36"
::1 - - [18/Oct/2020:09:45:34 -0700] "GET /phpmyadmin/themes/pmahomme/img/b_docs.png HTTP/1.1" 200 705 "http://localhost/phpmyadmin/phpmyadmin.css.php?nocache=6409372561ltr&server=1" "Mozilla/5.0 (Windows NT 10.0; Win64; x64) AppleWebKit/537.36 (KHTML, like Gecko) Chrome/86.0.4240.75 Safari/537.36"
::1 - - [18/Oct/2020:09:45:34 -0700] "GET /phpmyadmin/themes/pmahomme/img/s_cog.png HTTP/1.1" 200 442 "http://localhost/phpmyadmin/phpmyadmin.css.php?nocache=6409372561ltr&server=1" "Mozilla/5.0 (Windows NT 10.0; Win64; x64) AppleWebKit/537.36 (KHTML, like Gecko) Chrome/86.0.4240.75 Safari/537.36"
::1 - - [18/Oct/2020:09:45:34 -0700] "GET /phpmyadmin/themes/pmahomme/img/s_link.png HTTP/1.1" 200 280 "http://localhost/phpmyadmin/phpmyadmin.css.php?nocache=6409372561ltr&server=1" "Mozilla/5.0 (Windows NT 10.0; Win64; x64) AppleWebKit/537.36 (KHTML, like Gecko) Chrome/86.0.4240.75 Safari/537.36"
::1 - - [18/Oct/2020:09:45:34 -0700] "GET /phpmyadmin/themes/pmahomme/img/b_plus.png HTTP/1.1" 200 143 "http://localhost/phpmyadmin/phpmyadmin.css.php?nocache=6409372561ltr&server=1" "Mozilla/5.0 (Windows NT 10.0; Win64; x64) AppleWebKit/537.36 (KHTML, like Gecko) Chrome/86.0.4240.75 Safari/537.36"
::1 - - [18/Oct/2020:09:45:34 -0700] "GET /phpmyadmin/themes/pmahomme/img/s_db.png HTTP/1.1" 200 328 "http://localhost/phpmyadmin/phpmyadmin.css.php?nocache=6409372561ltr&server=1" "Mozilla/5.0 (Windows NT 10.0; Win64; x64) AppleWebKit/537.36 (KHTML, like Gecko) Chrome/86.0.4240.75 Safari/537.36"
::1 - - [18/Oct/2020:09:45:34 -0700] "GET /phpmyadmin/themes/pmahomme/img/b_newdb.png HTTP/1.1" 200 585 "http://localhost/phpmyadmin/phpmyadmin.css.php?nocache=6409372561ltr&server=1" "Mozilla/5.0 (Windows NT 10.0; Win64; x64) AppleWebKit/537.36 (KHTML, like Gecko) Chrome/86.0.4240.75 Safari/537.36"
::1 - - [18/Oct/2020:09:45:34 -0700] "GET /phpmyadmin/themes/pmahomme/img/s_reload.png HTTP/1.1" 200 527 "http://localhost/phpmyadmin/phpmyadmin.css.php?nocache=6409372561ltr&server=1" "Mozilla/5.0 (Windows NT 10.0; Win64; x64) AppleWebKit/537.36 (KHTML, like Gecko) Chrome/86.0.4240.75 Safari/537.36"
::1 - - [18/Oct/2020:09:45:34 -0700] "GET /phpmyadmin/themes/pmahomme/img/s_host.png HTTP/1.1" 200 591 "http://localhost/phpmyadmin/phpmyadmin.css.php?nocache=6409372561ltr&server=1" "Mozilla/5.0 (Windows NT 10.0; Win64; x64) AppleWebKit/537.36 (KHTML, like Gecko) Chrome/86.0.4240.75 Safari/537.36"
::1 - - [18/Oct/2020:09:45:34 -0700] "GET /phpmyadmin/themes/pmahomme/img/b_sql.png HTTP/1.1" 200 680 "http://localhost/phpmyadmin/phpmyadmin.css.php?nocache=6409372561ltr&server=1" "Mozilla/5.0 (Windows NT 10.0; Win64; x64) AppleWebKit/537.36 (KHTML, like Gecko) Chrome/86.0.4240.75 Safari/537.36"
::1 - - [18/Oct/2020:09:45:34 -0700] "GET /phpmyadmin/themes/pmahomme/img/s_status.png HTTP/1.1" 200 600 "http://localhost/phpmyadmin/phpmyadmin.css.php?nocache=6409372561ltr&server=1" "Mozilla/5.0 (Windows NT 10.0; Win64; x64) AppleWebKit/537.36 (KHTML, like Gecko) Chrome/86.0.4240.75 Safari/537.36"
::1 - - [18/Oct/2020:09:45:34 -0700] "GET /phpmyadmin/themes/pmahomme/img/s_rights.png HTTP/1.1" 200 461 "http://localhost/phpmyadmin/phpmyadmin.css.php?nocache=6409372561ltr&server=1" "Mozilla/5.0 (Windows NT 10.0; Win64; x64) AppleWebKit/537.36 (KHTML, like Gecko) Chrome/86.0.4240.75 Safari/537.36"
::1 - - [18/Oct/2020:09:45:34 -0700] "GET /phpmyadmin/themes/pmahomme/img/b_export.png HTTP/1.1" 200 514 "http://localhost/phpmyadmin/phpmyadmin.css.php?nocache=6409372561ltr&server=1" "Mozilla/5.0 (Windows NT 10.0; Win64; x64) AppleWebKit/537.36 (KHTML, like Gecko) Chrome/86.0.4240.75 Safari/537.36"
::1 - - [18/Oct/2020:09:45:34 -0700] "GET /phpmyadmin/themes/pmahomme/img/b_import.png HTTP/1.1" 200 556 "http://localhost/phpmyadmin/phpmyadmin.css.php?nocache=6409372561ltr&server=1" "Mozilla/5.0 (Windows NT 10.0; Win64; x64) AppleWebKit/537.36 (KHTML, like Gecko) Chrome/86.0.4240.75 Safari/537.36"
::1 - - [18/Oct/2020:09:45:34 -0700] "GET /phpmyadmin/themes/pmahomme/img/b_tblops.png HTTP/1.1" 200 537 "http://localhost/phpmyadmin/phpmyadmin.css.php?nocache=6409372561ltr&server=1" "Mozilla/5.0 (Windows NT 10.0; Win64; x64) AppleWebKit/537.36 (KHTML, like Gecko) Chrome/86.0.4240.75 Safari/537.36"
::1 - - [18/Oct/2020:09:45:34 -0700] "GET /phpmyadmin/themes/pmahomme/img/b_engine.png HTTP/1.1" 200 398 "http://localhost/phpmyadmin/phpmyadmin.css.php?nocache=6409372561ltr&server=1" "Mozilla/5.0 (Windows NT 10.0; Win64; x64) AppleWebKit/537.36 (KHTML, like Gecko) Chrome/86.0.4240.75 Safari/537.36"
::1 - - [18/Oct/2020:09:45:34 -0700] "GET /phpmyadmin/themes/pmahomme/img/s_vars.png HTTP/1.1" 200 523 "http://localhost/phpmyadmin/phpmyadmin.css.php?nocache=6409372561ltr&server=1" "Mozilla/5.0 (Windows NT 10.0; Win64; x64) AppleWebKit/537.36 (KHTML, like Gecko) Chrome/86.0.4240.75 Safari/537.36"
::1 - - [18/Oct/2020:09:45:34 -0700] "GET /phpmyadmin/themes/pmahomme/img/s_top.png HTTP/1.1" 200 220 "http://localhost/phpmyadmin/phpmyadmin.css.php?nocache=6409372561ltr&server=1" "Mozilla/5.0 (Windows NT 10.0; Win64; x64) AppleWebKit/537.36 (KHTML, like Gecko) Chrome/86.0.4240.75 Safari/537.36"
::1 - - [18/Oct/2020:09:45:34 -0700] "GET /phpmyadmin/themes/pmahomme/img/b_help.png HTTP/1.1" 200 705 "http://localhost/phpmyadmin/phpmyadmin.css.php?nocache=6409372561ltr&server=1" "Mozilla/5.0 (Windows NT 10.0; Win64; x64) AppleWebKit/537.36 (KHTML, like Gecko) Chrome/86.0.4240.75 Safari/537.36"
::1 - - [18/Oct/2020:09:45:34 -0700] "GET /phpmyadmin/themes/pmahomme/img/console.png HTTP/1.1" 200 292 "http://localhost/phpmyadmin/phpmyadmin.css.php?nocache=6409372561ltr&server=1" "Mozilla/5.0 (Windows NT 10.0; Win64; x64) AppleWebKit/537.36 (KHTML, like Gecko) Chrome/86.0.4240.75 Safari/537.36"
::1 - - [18/Oct/2020:09:45:34 -0700] "GET /phpmyadmin/themes/pmahomme/img/s_lang.png HTTP/1.1" 200 659 "http://localhost/phpmyadmin/phpmyadmin.css.php?nocache=6409372561ltr&server=1" "Mozilla/5.0 (Windows NT 10.0; Win64; x64) AppleWebKit/537.36 (KHTML, like Gecko) Chrome/86.0.4240.75 Safari/537.36"
::1 - - [18/Oct/2020:09:45:34 -0700] "GET /phpmyadmin/themes/pmahomme/img/s_theme.png HTTP/1.1" 200 772 "http://localhost/phpmyadmin/phpmyadmin.css.php?nocache=6409372561ltr&server=1" "Mozilla/5.0 (Windows NT 10.0; Win64; x64) AppleWebKit/537.36 (KHTML, like Gecko) Chrome/86.0.4240.75 Safari/537.36"
::1 - - [18/Oct/2020:09:45:34 -0700] "GET /phpmyadmin/themes/pmahomme/img/s_asci.png HTTP/1.1" 200 148 "http://localhost/phpmyadmin/phpmyadmin.css.php?nocache=6409372561ltr&server=1" "Mozilla/5.0 (Windows NT 10.0; Win64; x64) AppleWebKit/537.36 (KHTML, like Gecko) Chrome/86.0.4240.75 Safari/537.36"
::1 - - [18/Oct/2020:09:45:34 -0700] "GET /phpmyadmin/themes/pmahomme/img/b_plugin.png HTTP/1.1" 200 512 "http://localhost/phpmyadmin/phpmyadmin.css.php?nocache=6409372561ltr&server=1" "Mozilla/5.0 (Windows NT 10.0; Win64; x64) AppleWebKit/537.36 (KHTML, like Gecko) Chrome/86.0.4240.75 Safari/537.36"
::1 - - [18/Oct/2020:09:45:34 -0700] "GET /phpmyadmin/themes/pmahomme/img/window-new.png HTTP/1.1" 200 468 "http://localhost/phpmyadmin/phpmyadmin.css.php?nocache=6409372561ltr&server=1" "Mozilla/5.0 (Windows NT 10.0; Win64; x64) AppleWebKit/537.36 (KHTML, like Gecko) Chrome/86.0.4240.75 Safari/537.36"
::1 - - [18/Oct/2020:09:45:34 -0700] "POST /phpmyadmin/ajax.php HTTP/1.1" 200 1369 "-" "Mozilla/5.0 (Windows NT 10.0; Win64; x64) AppleWebKit/537.36 (KHTML, like Gecko) Chrome/86.0.4240.75 Safari/537.36"
::1 - - [18/Oct/2020:09:45:34 -0700] "GET /phpmyadmin/themes/pmahomme/img/b_more.png HTTP/1.1" 200 111 "http://localhost/phpmyadmin/phpmyadmin.css.php?nocache=6409372561ltr&server=1" "Mozilla/5.0 (Windows NT 10.0; Win64; x64) AppleWebKit/537.36 (KHTML, like Gecko) Chrome/86.0.4240.75 Safari/537.36"
::1 - - [18/Oct/2020:09:45:34 -0700] "POST /phpmyadmin/ajax.php HTTP/1.1" 200 1466 "-" "Mozilla/5.0 (Windows NT 10.0; Win64; x64) AppleWebKit/537.36 (KHTML, like Gecko) Chrome/86.0.4240.75 Safari/537.36"
::1 - - [18/Oct/2020:09:45:34 -0700] "POST /phpmyadmin/navigation.php?ajax_request=1 HTTP/1.1" 200 2039 "-" "Mozilla/5.0 (Windows NT 10.0; Win64; x64) AppleWebKit/537.36 (KHTML, like Gecko) Chrome/86.0.4240.75 Safari/537.36"
::1 - - [18/Oct/2020:09:45:35 -0700] "POST /phpmyadmin/ajax.php HTTP/1.1" 200 1360 "-" "Mozilla/5.0 (Windows NT 10.0; Win64; x64) AppleWebKit/537.36 (KHTML, like Gecko) Chrome/86.0.4240.75 Safari/537.36"
::1 - - [18/Oct/2020:09:45:35 -0700] "POST /phpmyadmin/version_check.php HTTP/1.1" 200 62 "-" "Mozilla/5.0 (Windows NT 10.0; Win64; x64) AppleWebKit/537.36 (KHTML, like Gecko) Chrome/86.0.4240.75 Safari/537.36"
::1 - - [18/Oct/2020:09:45:35 -0700] "POST /phpmyadmin/db_structure.php?ajax_request=1&favorite_table=1&sync_favorite_tables=1 HTTP/1.1" 200 137 "-" "Mozilla/5.0 (Windows NT 10.0; Win64; x64) AppleWebKit/537.36 (KHTML, like Gecko) Chrome/86.0.4240.75 Safari/537.36"
::1 - - [18/Oct/2020:09:47:07 -0700] "GET /dvwa/index.php?XDEBUG_SESSION_START=ECLIPSE_DBGP&KEY=16030396265391 HTTP/1.1" 200 - "-" "Mozilla/5.0 (Windows NT 10.0; Win64; x64) AppleWebKit/537.36 (KHTML, like Gecko) Chrome/86.0.4240.75 Safari/537.36"
::1 - - [18/Oct/2020:09:48:25 -0700] "GET /dvwa/index.php?XDEBUG_SESSION_STOP_NO_EXEC=ECLIPSE_DBGP&KEY=16030396265391 HTTP/1.1" 200 19 "-" "Mozilla/5.0 (Windows NT 10.0; Win64; x64) AppleWebKit/537.36 (KHTML, like Gecko) Chrome/86.0.4240.75 Safari/537.36"
::1 - - [18/Oct/2020:09:48:39 -0700] "GET /dvwa/index.php?XDEBUG_SESSION_START=ECLIPSE_DBGP&KEY=16030397171592 HTTP/1.1" 200 134 "-" "Mozilla/5.0 (Windows NT 10.0; Win64; x64) AppleWebKit/537.36 (KHTML, like Gecko) Chrome/86.0.4240.75 Safari/537.36"
::1 - - [18/Oct/2020:09:49:03 -0700] "GET /dvwa/index.php?XDEBUG_SESSION_START=ECLIPSE_DBGP&KEY=16030397171592 HTTP/1.1" 200 134 "-" "Mozilla/5.0 (Windows NT 10.0; Win64; x64) AppleWebKit/537.36 (KHTML, like Gecko) Chrome/86.0.4240.75 Safari/537.36"
::1 - - [18/Oct/2020:09:49:08 -0700] "GET /favicon.ico HTTP/1.1" 404 1314 "http://localhost/dvwa/index.php?XDEBUG_SESSION_START=ECLIPSE_DBGP&KEY=16030397171592" "Mozilla/5.0 (Windows NT 10.0; Win64; x64) AppleWebKit/537.36 (KHTML, like Gecko) Chrome/86.0.4240.75 Safari/537.36"
::1 - - [18/Oct/2020:09:53:09 -0700] "GET /dvwa/index.php?XDEBUG_SESSION_START=ECLIPSE_DBGP&KEY=16030397171592 HTTP/1.1" 200 134 "-" "Mozilla/5.0 (Windows NT 10.0; Win64; x64) AppleWebKit/537.36 (KHTML, like Gecko) Chrome/86.0.4240.75 Safari/537.36"
::1 - - [18/Oct/2020:09:56:03 -0700] "GET /dvwa/index.php?XDEBUG_SESSION_START=ECLIPSE_DBGP&KEY=16030397171592 HTTP/1.1" 302 - "-" "Mozilla/5.0 (Windows NT 10.0; Win64; x64) AppleWebKit/537.36 (KHTML, like Gecko) Chrome/86.0.4240.75 Safari/537.36"
::1 - - [18/Oct/2020:09:56:04 -0700] "GET /dvwa/login.php HTTP/1.1" 302 1268 "-" "Mozilla/5.0 (Windows NT 10.0; Win64; x64) AppleWebKit/537.36 (KHTML, like Gecko) Chrome/86.0.4240.75 Safari/537.36"
::1 - - [18/Oct/2020:09:56:04 -0700] "GET /dvwa/setup.php HTTP/1.1" 200 4131 "-" "Mozilla/5.0 (Windows NT 10.0; Win64; x64) AppleWebKit/537.36 (KHTML, like Gecko) Chrome/86.0.4240.75 Safari/537.36"
::1 - - [18/Oct/2020:09:56:04 -0700] "GET /dvwa/dvwa/js/dvwaPage.js HTTP/1.1" 200 1030 "http://localhost/dvwa/setup.php" "Mozilla/5.0 (Windows NT 10.0; Win64; x64) AppleWebKit/537.36 (KHTML, like Gecko) Chrome/86.0.4240.75 Safari/537.36"
::1 - - [18/Oct/2020:09:56:04 -0700] "GET /dvwa/dvwa/css/main.css HTTP/1.1" 200 4026 "http://localhost/dvwa/setup.php" "Mozilla/5.0 (Windows NT 10.0; Win64; x64) AppleWebKit/537.36 (KHTML, like Gecko) Chrome/86.0.4240.75 Safari/537.36"
::1 - - [18/Oct/2020:09:56:05 -0700] "GET /dvwa/js/add_event_listeners.js HTTP/1.1" 404 1204 "http://localhost/dvwa/setup.php" "Mozilla/5.0 (Windows NT 10.0; Win64; x64) AppleWebKit/537.36 (KHTML, like Gecko) Chrome/86.0.4240.75 Safari/537.36"
::1 - - [18/Oct/2020:09:56:05 -0700] "GET /dvwa/dvwa/images/logo.png HTTP/1.1" 200 5044 "http://localhost/dvwa/setup.php" "Mozilla/5.0 (Windows NT 10.0; Win64; x64) AppleWebKit/537.36 (KHTML, like Gecko) Chrome/86.0.4240.75 Safari/537.36"
::1 - - [18/Oct/2020:09:56:05 -0700] "GET /dvwa/dvwa/images/spanner.png HTTP/1.1" 200 464 "http://localhost/dvwa/setup.php" "Mozilla/5.0 (Windows NT 10.0; Win64; x64) AppleWebKit/537.36 (KHTML, like Gecko) Chrome/86.0.4240.75 Safari/537.36"
::1 - - [18/Oct/2020:09:56:05 -0700] "GET /dvwa/js/add_event_listeners.js HTTP/1.1" 404 1204 "http://localhost/dvwa/setup.php" "Mozilla/5.0 (Windows NT 10.0; Win64; x64) AppleWebKit/537.36 (KHTML, like Gecko) Chrome/86.0.4240.75 Safari/537.36"
::1 - - [18/Oct/2020:09:56:05 -0700] "GET /dvwa/favicon.ico HTTP/1.1" 200 1406 "http://localhost/dvwa/setup.php" "Mozilla/5.0 (Windows NT 10.0; Win64; x64) AppleWebKit/537.36 (KHTML, like Gecko) Chrome/86.0.4240.75 Safari/537.36"
