[Sun Oct 11 14:26:35.396847 2020] [ssl:warn] [pid 5852:tid 548] AH01909: www.example.com:443:0 server certificate does NOT include an ID which matches the server name
AH00112: Warning: DocumentRoot [C:/xampp/htdocs/wiki/] does not exist
AH00112: Warning: DocumentRoot [C:/xampp/htdocs/wp] does not exist
AH00112: Warning: DocumentRoot [C:/xampp/htdocs/wes] does not exist
[Sun Oct 11 14:26:35.456866 2020] [ssl:warn] [pid 5852:tid 548] AH01909: www.example.com:443:0 server certificate does NOT include an ID which matches the server name
[Sun Oct 11 14:26:35.489847 2020] [mpm_winnt:notice] [pid 5852:tid 548] AH00455: Apache/2.4.41 (Win64) OpenSSL/1.1.1c PHP/7.3.11 configured -- resuming normal operations
[Sun Oct 11 14:26:35.489847 2020] [mpm_winnt:notice] [pid 5852:tid 548] AH00456: Apache Lounge VC15 Server built: Aug 11 2019 12:20:04
[Sun Oct 11 14:26:35.491593 2020] [core:notice] [pid 5852:tid 548] AH00094: Command line: 'c:\\xampp\\apache\\bin\\httpd.exe -d C:/xampp/apache'
[Sun Oct 11 14:26:35.493594 2020] [mpm_winnt:notice] [pid 5852:tid 548] AH00418: Parent: Created child process 948
AH00112: Warning: DocumentRoot [C:/xampp/htdocs/wiki/] does not exist
AH00112: Warning: DocumentRoot [C:/xampp/htdocs/wp] does not exist
AH00112: Warning: DocumentRoot [C:/xampp/htdocs/wes] does not exist
[Sun Oct 11 14:26:35.944793 2020] [ssl:warn] [pid 948:tid 544] AH01909: www.example.com:443:0 server certificate does NOT include an ID which matches the server name
AH00112: Warning: DocumentRoot [C:/xampp/htdocs/wiki/] does not exist
AH00112: Warning: DocumentRoot [C:/xampp/htdocs/wp] does not exist
AH00112: Warning: DocumentRoot [C:/xampp/htdocs/wes] does not exist
[Sun Oct 11 14:26:35.997112 2020] [ssl:warn] [pid 948:tid 544] AH01909: www.example.com:443:0 server certificate does NOT include an ID which matches the server name
[Sun Oct 11 14:26:36.032088 2020] [mpm_winnt:notice] [pid 948:tid 544] AH00354: Child: Starting 150 worker threads.
[Mon Oct 12 11:23:46.875103 2020] [ssl:warn] [pid 20620:tid 520] AH01909: www.example.com:443:0 server certificate does NOT include an ID which matches the server name
AH00112: Warning: DocumentRoot [C:/xampp/htdocs/wiki/] does not exist
AH00112: Warning: DocumentRoot [C:/xampp/htdocs/wp] does not exist
AH00112: Warning: DocumentRoot [C:/xampp/htdocs/wes] does not exist
[Mon Oct 12 11:23:46.930071 2020] [core:warn] [pid 20620:tid 520] AH00098: pid file C:/xampp/apache/logs/httpd.pid overwritten -- Unclean shutdown of previous Apache run?
[Mon Oct 12 11:23:46.940066 2020] [ssl:warn] [pid 20620:tid 520] AH01909: www.example.com:443:0 server certificate does NOT include an ID which matches the server name
[Mon Oct 12 11:23:47.016542 2020] [mpm_winnt:notice] [pid 20620:tid 520] AH00455: Apache/2.4.41 (Win64) OpenSSL/1.1.1c PHP/7.3.11 configured -- resuming normal operations
[Mon Oct 12 11:23:47.016542 2020] [mpm_winnt:notice] [pid 20620:tid 520] AH00456: Apache Lounge VC15 Server built: Aug 11 2019 12:20:04
[Mon Oct 12 11:23:47.016542 2020] [core:notice] [pid 20620:tid 520] AH00094: Command line: 'c:\\xampp\\apache\\bin\\httpd.exe -d C:/xampp/apache'
[Mon Oct 12 11:23:47.020542 2020] [mpm_winnt:notice] [pid 20620:tid 520] AH00418: Parent: Created child process 22208
AH00112: Warning: DocumentRoot [C:/xampp/htdocs/wiki/] does not exist
AH00112: Warning: DocumentRoot [C:/xampp/htdocs/wp] does not exist
AH00112: Warning: DocumentRoot [C:/xampp/htdocs/wes] does not exist
[Mon Oct 12 11:23:47.633031 2020] [ssl:warn] [pid 22208:tid 640] AH01909: www.example.com:443:0 server certificate does NOT include an ID which matches the server name
AH00112: Warning: DocumentRoot [C:/xampp/htdocs/wiki/] does not exist
AH00112: Warning: DocumentRoot [C:/xampp/htdocs/wp] does not exist
AH00112: Warning: DocumentRoot [C:/xampp/htdocs/wes] does not exist
[Mon Oct 12 11:23:47.693996 2020] [ssl:warn] [pid 22208:tid 640] AH01909: www.example.com:443:0 server certificate does NOT include an ID which matches the server name
[Mon Oct 12 11:23:47.744964 2020] [mpm_winnt:notice] [pid 22208:tid 640] AH00354: Child: Starting 150 worker threads.
[Mon Oct 12 11:25:40.446930 2020] [php7:notice] [pid 22208:tid 1828] [client ::1:62700] PHP Warning:  require(C:\\xampp\\htdocs\\bcit/vendor/autoload.php): failed to open stream: No such file or directory in C:\\xampp\\htdocs\\bcit\\header.php on line 19
[Mon Oct 12 11:25:40.447929 2020] [php7:notice] [pid 22208:tid 1828] [client ::1:62700] PHP Stack trace:
[Mon Oct 12 11:25:40.447929 2020] [php7:notice] [pid 22208:tid 1828] [client ::1:62700] PHP   1. {main}() C:\\xampp\\htdocs\\bcit\\index.php:0
[Mon Oct 12 11:25:40.447929 2020] [php7:notice] [pid 22208:tid 1828] [client ::1:62700] PHP   2. include() C:\\xampp\\htdocs\\bcit\\index.php:18
[Mon Oct 12 11:25:40.447929 2020] [php7:notice] [pid 22208:tid 1828] [client ::1:62700] PHP Fatal error:  require(): Failed opening required 'C:\\xampp\\htdocs\\bcit/vendor/autoload.php' (include_path='C:\\xampp\\php\\PEAR') in C:\\xampp\\htdocs\\bcit\\header.php on line 19
[Mon Oct 12 11:25:40.448927 2020] [php7:notice] [pid 22208:tid 1828] [client ::1:62700] PHP Stack trace:
[Mon Oct 12 11:25:40.448927 2020] [php7:notice] [pid 22208:tid 1828] [client ::1:62700] PHP   1. {main}() C:\\xampp\\htdocs\\bcit\\index.php:0
[Mon Oct 12 11:25:40.448927 2020] [php7:notice] [pid 22208:tid 1828] [client ::1:62700] PHP   2. include() C:\\xampp\\htdocs\\bcit\\index.php:18
[Mon Oct 12 11:26:21.322657 2020] [php7:notice] [pid 22208:tid 1836] [client ::1:62699] PHP Warning:  require(C:\\xampp\\htdocs\\bcit\\vendor\\composer/../symfony/polyfill-mbstring/bootstrap.php): failed to open stream: No such file or directory in C:\\xampp\\htdocs\\bcit\\vendor\\composer\\autoload_real.php on line 69
[Mon Oct 12 11:26:21.322657 2020] [php7:notice] [pid 22208:tid 1836] [client ::1:62699] PHP Stack trace:
[Mon Oct 12 11:26:21.323657 2020] [php7:notice] [pid 22208:tid 1836] [client ::1:62699] PHP   1. {main}() C:\\xampp\\htdocs\\bcit\\index.php:0
[Mon Oct 12 11:26:21.323657 2020] [php7:notice] [pid 22208:tid 1836] [client ::1:62699] PHP   2. include() C:\\xampp\\htdocs\\bcit\\index.php:18
[Mon Oct 12 11:26:21.323657 2020] [php7:notice] [pid 22208:tid 1836] [client ::1:62699] PHP   3. require() C:\\xampp\\htdocs\\bcit\\header.php:19
[Mon Oct 12 11:26:21.323657 2020] [php7:notice] [pid 22208:tid 1836] [client ::1:62699] PHP   4. ComposerAutoloaderInit066f66315700aff75a8ec563b5962b76::getLoader() C:\\xampp\\htdocs\\bcit\\vendor\\autoload.php:7
[Mon Oct 12 11:26:21.323657 2020] [php7:notice] [pid 22208:tid 1836] [client ::1:62699] PHP   5. composerRequire066f66315700aff75a8ec563b5962b76($fileIdentifier = *uninitialized*, $file = *uninitialized*) C:\\xampp\\htdocs\\bcit\\vendor\\composer\\autoload_real.php:59
[Mon Oct 12 11:26:21.324656 2020] [php7:notice] [pid 22208:tid 1836] [client ::1:62699] PHP Fatal error:  require(): Failed opening required 'C:\\xampp\\htdocs\\bcit\\vendor\\composer/../symfony/polyfill-mbstring/bootstrap.php' (include_path='C:\\xampp\\php\\PEAR') in C:\\xampp\\htdocs\\bcit\\vendor\\composer\\autoload_real.php on line 69
[Mon Oct 12 11:26:21.324656 2020] [php7:notice] [pid 22208:tid 1836] [client ::1:62699] PHP Stack trace:
[Mon Oct 12 11:26:21.324656 2020] [php7:notice] [pid 22208:tid 1836] [client ::1:62699] PHP   1. {main}() C:\\xampp\\htdocs\\bcit\\index.php:0
[Mon Oct 12 11:26:21.325656 2020] [php7:notice] [pid 22208:tid 1836] [client ::1:62699] PHP   2. include() C:\\xampp\\htdocs\\bcit\\index.php:18
[Mon Oct 12 11:26:21.325656 2020] [php7:notice] [pid 22208:tid 1836] [client ::1:62699] PHP   3. require() C:\\xampp\\htdocs\\bcit\\header.php:19
[Mon Oct 12 11:26:21.325656 2020] [php7:notice] [pid 22208:tid 1836] [client ::1:62699] PHP   4. ComposerAutoloaderInit066f66315700aff75a8ec563b5962b76::getLoader() C:\\xampp\\htdocs\\bcit\\vendor\\autoload.php:7
[Mon Oct 12 11:26:21.326655 2020] [php7:notice] [pid 22208:tid 1836] [client ::1:62699] PHP   5. composerRequire066f66315700aff75a8ec563b5962b76($fileIdentifier = *uninitialized*, $file = *uninitialized*) C:\\xampp\\htdocs\\bcit\\vendor\\composer\\autoload_real.php:59
[Mon Oct 12 11:45:28.872337 2020] [php7:notice] [pid 22208:tid 1820] [client ::1:63616] PHP Warning:  require(C:\\xampp\\htdocs\\bcit/vendor/autoload.php): failed to open stream: No such file or directory in C:\\xampp\\htdocs\\bcit\\header.php on line 19
[Mon Oct 12 11:45:28.873335 2020] [php7:notice] [pid 22208:tid 1820] [client ::1:63616] PHP Stack trace:
[Mon Oct 12 11:45:28.873335 2020] [php7:notice] [pid 22208:tid 1820] [client ::1:63616] PHP   1. {main}() C:\\xampp\\htdocs\\bcit\\index.php:0
[Mon Oct 12 11:45:28.873335 2020] [php7:notice] [pid 22208:tid 1820] [client ::1:63616] PHP   2. include() C:\\xampp\\htdocs\\bcit\\index.php:18
[Mon Oct 12 11:45:28.873335 2020] [php7:notice] [pid 22208:tid 1820] [client ::1:63616] PHP Fatal error:  require(): Failed opening required 'C:\\xampp\\htdocs\\bcit/vendor/autoload.php' (include_path='C:\\xampp\\php\\PEAR') in C:\\xampp\\htdocs\\bcit\\header.php on line 19
[Mon Oct 12 11:45:28.874335 2020] [php7:notice] [pid 22208:tid 1820] [client ::1:63616] PHP Stack trace:
[Mon Oct 12 11:45:28.874335 2020] [php7:notice] [pid 22208:tid 1820] [client ::1:63616] PHP   1. {main}() C:\\xampp\\htdocs\\bcit\\index.php:0
[Mon Oct 12 11:45:28.874335 2020] [php7:notice] [pid 22208:tid 1820] [client ::1:63616] PHP   2. include() C:\\xampp\\htdocs\\bcit\\index.php:18
[Mon Oct 12 11:46:28.776947 2020] [php7:error] [pid 22208:tid 1800] [client ::1:63668] script 'C:/xampp/htdocs/bcit/tools/phpini.php' not found or unable to stat
[Mon Oct 12 11:48:06.266424 2020] [php7:error] [pid 22208:tid 1800] [client ::1:63743] script 'C:/xampp/htdocs/bcit/tools/phpinfo.php' not found or unable to stat
[Mon Oct 12 12:01:26.292859 2020] [php7:notice] [pid 22208:tid 1828] [client 127.0.0.1:64345] PHP Warning:  Header may not contain NUL bytes in Unknown on line 0
[Sun Oct 18 09:45:20.340030 2020] [ssl:warn] [pid 6816:tid 472] AH01909: www.example.com:443:0 server certificate does NOT include an ID which matches the server name
AH00112: Warning: DocumentRoot [C:/xampp/htdocs/wiki/] does not exist
AH00112: Warning: DocumentRoot [C:/xampp/htdocs/wp] does not exist
AH00112: Warning: DocumentRoot [C:/xampp/htdocs/wes] does not exist
[Sun Oct 18 09:45:20.448968 2020] [core:warn] [pid 6816:tid 472] AH00098: pid file C:/xampp/apache/logs/httpd.pid overwritten -- Unclean shutdown of previous Apache run?
[Sun Oct 18 09:45:20.475952 2020] [ssl:warn] [pid 6816:tid 472] AH01909: www.example.com:443:0 server certificate does NOT include an ID which matches the server name
[Sun Oct 18 09:45:21.127577 2020] [mpm_winnt:notice] [pid 6816:tid 472] AH00455: Apache/2.4.41 (Win64) OpenSSL/1.1.1c PHP/7.3.11 configured -- resuming normal operations
[Sun Oct 18 09:45:21.127577 2020] [mpm_winnt:notice] [pid 6816:tid 472] AH00456: Apache Lounge VC15 Server built: Aug 11 2019 12:20:04
[Sun Oct 18 09:45:21.127577 2020] [core:notice] [pid 6816:tid 472] AH00094: Command line: 'c:\\xampp\\apache\\bin\\httpd.exe -d C:/xampp/apache'
[Sun Oct 18 09:45:21.132575 2020] [mpm_winnt:notice] [pid 6816:tid 472] AH00418: Parent: Created child process 9336
AH00112: Warning: DocumentRoot [C:/xampp/htdocs/wiki/] does not exist
AH00112: Warning: DocumentRoot [C:/xampp/htdocs/wp] does not exist
AH00112: Warning: DocumentRoot [C:/xampp/htdocs/wes] does not exist
[Sun Oct 18 09:45:21.949103 2020] [ssl:warn] [pid 9336:tid 468] AH01909: www.example.com:443:0 server certificate does NOT include an ID which matches the server name
AH00112: Warning: DocumentRoot [C:/xampp/htdocs/wiki/] does not exist
AH00112: Warning: DocumentRoot [C:/xampp/htdocs/wp] does not exist
AH00112: Warning: DocumentRoot [C:/xampp/htdocs/wes] does not exist
[Sun Oct 18 09:45:22.034056 2020] [ssl:warn] [pid 9336:tid 468] AH01909: www.example.com:443:0 server certificate does NOT include an ID which matches the server name
[Sun Oct 18 09:45:22.099020 2020] [mpm_winnt:notice] [pid 9336:tid 468] AH00354: Child: Starting 150 worker threads.
[Sun Oct 18 09:48:25.115885 2020] [php7:notice] [pid 9336:tid 1780] [client ::1:56158] PHP Warning:  Header may not contain NUL bytes in Unknown on line 0
[Sun Oct 18 09:56:04.566310 2020] [php7:notice] [pid 9336:tid 1804] [client ::1:56380] PHP Notice:  Undefined variable: DBMS_errorFunc in C:\\xampp\\htdocs\\dvwa\\dvwa\\includes\\dvwaPage.inc.php on line 471
[Sun Oct 18 09:56:04.567310 2020] [php7:notice] [pid 9336:tid 1804] [client ::1:56380] PHP Stack trace:
[Sun Oct 18 09:56:04.567310 2020] [php7:notice] [pid 9336:tid 1804] [client ::1:56380] PHP   1. {main}() C:\\xampp\\htdocs\\dvwa\\login.php:0
[Sun Oct 18 09:56:04.568309 2020] [php7:notice] [pid 9336:tid 1804] [client ::1:56380] PHP   2. dvwaDatabaseConnect() C:\\xampp\\htdocs\\dvwa\\login.php:8
[Sun Oct 18 10:04:38.525370 2020] [ssl:warn] [pid 6312:tid 616] AH01909: www.example.com:443:0 server certificate does NOT include an ID which matches the server name
AH00112: Warning: DocumentRoot [C:/xampp/htdocs/wiki/] does not exist
AH00112: Warning: DocumentRoot [C:/xampp/htdocs/wp] does not exist
AH00112: Warning: DocumentRoot [C:/xampp/htdocs/wes] does not exist
[Sun Oct 18 10:04:38.590332 2020] [core:warn] [pid 6312:tid 616] AH00098: pid file C:/xampp/apache/logs/httpd.pid overwritten -- Unclean shutdown of previous Apache run?
[Sun Oct 18 10:04:38.600327 2020] [ssl:warn] [pid 6312:tid 616] AH01909: www.example.com:443:0 server certificate does NOT include an ID which matches the server name
[Sun Oct 18 10:04:38.651299 2020] [mpm_winnt:notice] [pid 6312:tid 616] AH00455: Apache/2.4.41 (Win64) OpenSSL/1.1.1c PHP/7.3.11 configured -- resuming normal operations
[Sun Oct 18 10:04:38.651299 2020] [mpm_winnt:notice] [pid 6312:tid 616] AH00456: Apache Lounge VC15 Server built: Aug 11 2019 12:20:04
[Sun Oct 18 10:04:38.651299 2020] [core:notice] [pid 6312:tid 616] AH00094: Command line: 'c:\\xampp\\apache\\bin\\httpd.exe -d C:/xampp/apache'
[Sun Oct 18 10:04:38.655296 2020] [mpm_winnt:notice] [pid 6312:tid 616] AH00418: Parent: Created child process 17904
AH00112: Warning: DocumentRoot [C:/xampp/htdocs/wiki/] does not exist
AH00112: Warning: DocumentRoot [C:/xampp/htdocs/wp] does not exist
AH00112: Warning: DocumentRoot [C:/xampp/htdocs/wes] does not exist
[Sun Oct 18 10:04:39.194043 2020] [ssl:warn] [pid 17904:tid 564] AH01909: www.example.com:443:0 server certificate does NOT include an ID which matches the server name
AH00112: Warning: DocumentRoot [C:/xampp/htdocs/wiki/] does not exist
AH00112: Warning: DocumentRoot [C:/xampp/htdocs/wp] does not exist
AH00112: Warning: DocumentRoot [C:/xampp/htdocs/wes] does not exist
[Sun Oct 18 10:04:39.257008 2020] [ssl:warn] [pid 17904:tid 564] AH01909: www.example.com:443:0 server certificate does NOT include an ID which matches the server name
[Sun Oct 18 10:04:39.302981 2020] [mpm_winnt:notice] [pid 17904:tid 564] AH00354: Child: Starting 150 worker threads.
[Mon Oct 19 11:34:45.535077 2020] [ssl:warn] [pid 3428:tid 256] AH01909: www.example.com:443:0 server certificate does NOT include an ID which matches the server name
AH00112: Warning: DocumentRoot [C:/xampp/htdocs/wiki/] does not exist
AH00112: Warning: DocumentRoot [C:/xampp/htdocs/wp] does not exist
AH00112: Warning: DocumentRoot [C:/xampp/htdocs/wes] does not exist
[Mon Oct 19 11:34:45.550698 2020] [core:warn] [pid 3428:tid 256] AH00098: pid file C:/xampp/apache/logs/httpd.pid overwritten -- Unclean shutdown of previous Apache run?
[Mon Oct 19 11:34:45.550698 2020] [ssl:warn] [pid 3428:tid 256] AH01909: www.example.com:443:0 server certificate does NOT include an ID which matches the server name
[Mon Oct 19 11:34:45.581939 2020] [mpm_winnt:notice] [pid 3428:tid 256] AH00455: Apache/2.4.41 (Win64) OpenSSL/1.1.1c PHP/7.3.11 configured -- resuming normal operations
[Mon Oct 19 11:34:45.581939 2020] [mpm_winnt:notice] [pid 3428:tid 256] AH00456: Apache Lounge VC15 Server built: Aug 11 2019 12:20:04
[Mon Oct 19 11:34:45.581939 2020] [core:notice] [pid 3428:tid 256] AH00094: Command line: 'c:\\xampp\\apache\\bin\\httpd.exe -d C:/xampp/apache'
[Mon Oct 19 11:34:45.581939 2020] [mpm_winnt:notice] [pid 3428:tid 256] AH00418: Parent: Created child process 3208
AH00112: Warning: DocumentRoot [C:/xampp/htdocs/wiki/] does not exist
AH00112: Warning: DocumentRoot [C:/xampp/htdocs/wp] does not exist
AH00112: Warning: DocumentRoot [C:/xampp/htdocs/wes] does not exist
[Mon Oct 19 11:34:45.785007 2020] [ssl:warn] [pid 3208:tid 268] AH01909: www.example.com:443:0 server certificate does NOT include an ID which matches the server name
AH00112: Warning: DocumentRoot [C:/xampp/htdocs/wiki/] does not exist
AH00112: Warning: DocumentRoot [C:/xampp/htdocs/wp] does not exist
AH00112: Warning: DocumentRoot [C:/xampp/htdocs/wes] does not exist
[Mon Oct 19 11:34:45.800628 2020] [ssl:warn] [pid 3208:tid 268] AH01909: www.example.com:443:0 server certificate does NOT include an ID which matches the server name
[Mon Oct 19 11:34:45.831869 2020] [mpm_winnt:notice] [pid 3208:tid 268] AH00354: Child: Starting 150 worker threads.
[Mon Oct 19 11:46:39.996484 2020] [authz_core:error] [pid 3208:tid 1532] [client 174.7.115.156:56821] AH01630: client denied by server configuration: C:/xampp/phpMyAdmin/
[Mon Oct 19 11:50:28.372460 2020] [authz_core:error] [pid 3208:tid 1544] [client 174.7.115.156:56939] AH01630: client denied by server configuration: C:/xampp/phpMyAdmin/
[Mon Oct 19 11:50:30.153710 2020] [authz_core:error] [pid 3208:tid 1544] [client 174.7.115.156:56939] AH01630: client denied by server configuration: C:/xampp/phpMyAdmin/
[Mon Oct 19 11:50:39.627343 2020] [authz_core:error] [pid 3208:tid 1536] [client 174.7.115.156:56938] AH01630: client denied by server configuration: C:/xampp/phpMyAdmin/
[Mon Oct 19 11:51:09.580468 2020] [authz_core:error] [pid 3208:tid 1532] [client 174.7.115.156:56944] AH01630: client denied by server configuration: C:/xampp/phpMyAdmin/
[Mon Oct 19 11:51:10.627343 2020] [authz_core:error] [pid 3208:tid 1532] [client 174.7.115.156:56944] AH01630: client denied by server configuration: C:/xampp/phpMyAdmin/
[Mon Oct 19 11:52:40.931054 2020] [ssl:warn] [pid 3588:tid 256] AH01909: www.example.com:443:0 server certificate does NOT include an ID which matches the server name
AH00112: Warning: DocumentRoot [C:/xampp/htdocs/wiki/] does not exist
AH00112: Warning: DocumentRoot [C:/xampp/htdocs/wp] does not exist
AH00112: Warning: DocumentRoot [C:/xampp/htdocs/wes] does not exist
[Mon Oct 19 11:52:40.962304 2020] [core:warn] [pid 3588:tid 256] AH00098: pid file C:/xampp/apache/logs/httpd.pid overwritten -- Unclean shutdown of previous Apache run?
[Mon Oct 19 11:52:40.962304 2020] [ssl:warn] [pid 3588:tid 256] AH01909: www.example.com:443:0 server certificate does NOT include an ID which matches the server name
[Mon Oct 19 11:52:40.993554 2020] [mpm_winnt:notice] [pid 3588:tid 256] AH00455: Apache/2.4.41 (Win64) OpenSSL/1.1.1c PHP/7.3.11 configured -- resuming normal operations
[Mon Oct 19 11:52:40.993554 2020] [mpm_winnt:notice] [pid 3588:tid 256] AH00456: Apache Lounge VC15 Server built: Aug 11 2019 12:20:04
[Mon Oct 19 11:52:40.993554 2020] [core:notice] [pid 3588:tid 256] AH00094: Command line: 'c:\\xampp\\apache\\bin\\httpd.exe -d C:/xampp/apache'
[Mon Oct 19 11:52:40.993554 2020] [mpm_winnt:notice] [pid 3588:tid 256] AH00418: Parent: Created child process 3772
AH00112: Warning: DocumentRoot [C:/xampp/htdocs/wiki/] does not exist
AH00112: Warning: DocumentRoot [C:/xampp/htdocs/wp] does not exist
AH00112: Warning: DocumentRoot [C:/xampp/htdocs/wes] does not exist
[Mon Oct 19 11:52:41.181054 2020] [ssl:warn] [pid 3772:tid 268] AH01909: www.example.com:443:0 server certificate does NOT include an ID which matches the server name
AH00112: Warning: DocumentRoot [C:/xampp/htdocs/wiki/] does not exist
AH00112: Warning: DocumentRoot [C:/xampp/htdocs/wp] does not exist
AH00112: Warning: DocumentRoot [C:/xampp/htdocs/wes] does not exist
[Mon Oct 19 11:52:41.196679 2020] [ssl:warn] [pid 3772:tid 268] AH01909: www.example.com:443:0 server certificate does NOT include an ID which matches the server name
[Mon Oct 19 11:52:41.227929 2020] [mpm_winnt:notice] [pid 3772:tid 268] AH00354: Child: Starting 150 worker threads.
[Mon Oct 19 11:53:46.015039 2020] [authz_core:error] [pid 3772:tid 1540] [client 174.7.115.156:57008] AH01630: client denied by server configuration: C:/xampp/phpMyAdmin/
[Mon Oct 19 11:53:52.312890 2020] [ssl:warn] [pid 3976:tid 256] AH01909: www.example.com:443:0 server certificate does NOT include an ID which matches the server name
AH00112: Warning: DocumentRoot [C:/xampp/htdocs/wiki/] does not exist
AH00112: Warning: DocumentRoot [C:/xampp/htdocs/wp] does not exist
AH00112: Warning: DocumentRoot [C:/xampp/htdocs/wes] does not exist
[Mon Oct 19 11:53:52.344140 2020] [core:warn] [pid 3976:tid 256] AH00098: pid file C:/xampp/apache/logs/httpd.pid overwritten -- Unclean shutdown of previous Apache run?
[Mon Oct 19 11:53:52.344140 2020] [ssl:warn] [pid 3976:tid 256] AH01909: www.example.com:443:0 server certificate does NOT include an ID which matches the server name
[Mon Oct 19 11:53:52.375390 2020] [mpm_winnt:notice] [pid 3976:tid 256] AH00455: Apache/2.4.41 (Win64) OpenSSL/1.1.1c PHP/7.3.11 configured -- resuming normal operations
[Mon Oct 19 11:53:52.375390 2020] [mpm_winnt:notice] [pid 3976:tid 256] AH00456: Apache Lounge VC15 Server built: Aug 11 2019 12:20:04
[Mon Oct 19 11:53:52.375390 2020] [core:notice] [pid 3976:tid 256] AH00094: Command line: 'c:\\xampp\\apache\\bin\\httpd.exe -d C:/xampp/apache'
[Mon Oct 19 11:53:52.375390 2020] [mpm_winnt:notice] [pid 3976:tid 256] AH00418: Parent: Created child process 4236
AH00112: Warning: DocumentRoot [C:/xampp/htdocs/wiki/] does not exist
AH00112: Warning: DocumentRoot [C:/xampp/htdocs/wp] does not exist
AH00112: Warning: DocumentRoot [C:/xampp/htdocs/wes] does not exist
[Mon Oct 19 11:53:52.562890 2020] [ssl:warn] [pid 4236:tid 268] AH01909: www.example.com:443:0 server certificate does NOT include an ID which matches the server name
AH00112: Warning: DocumentRoot [C:/xampp/htdocs/wiki/] does not exist
AH00112: Warning: DocumentRoot [C:/xampp/htdocs/wp] does not exist
AH00112: Warning: DocumentRoot [C:/xampp/htdocs/wes] does not exist
[Mon Oct 19 11:53:52.594140 2020] [ssl:warn] [pid 4236:tid 268] AH01909: www.example.com:443:0 server certificate does NOT include an ID which matches the server name
[Mon Oct 19 11:53:52.625390 2020] [mpm_winnt:notice] [pid 4236:tid 268] AH00354: Child: Starting 150 worker threads.
[Mon Oct 19 11:55:38.279687 2020] [ssl:warn] [pid 3636:tid 256] AH01909: www.example.com:443:0 server certificate does NOT include an ID which matches the server name
AH00112: Warning: DocumentRoot [C:/xampp/htdocs/wiki/] does not exist
AH00112: Warning: DocumentRoot [C:/xampp/htdocs/wp] does not exist
AH00112: Warning: DocumentRoot [C:/xampp/htdocs/wes] does not exist
[Mon Oct 19 11:55:38.295312 2020] [core:warn] [pid 3636:tid 256] AH00098: pid file C:/xampp/apache/logs/httpd.pid overwritten -- Unclean shutdown of previous Apache run?
[Mon Oct 19 11:55:38.295312 2020] [ssl:warn] [pid 3636:tid 256] AH01909: www.example.com:443:0 server certificate does NOT include an ID which matches the server name
[Mon Oct 19 11:55:38.326562 2020] [mpm_winnt:notice] [pid 3636:tid 256] AH00455: Apache/2.4.41 (Win64) OpenSSL/1.1.1c PHP/7.3.11 configured -- resuming normal operations
[Mon Oct 19 11:55:38.326562 2020] [mpm_winnt:notice] [pid 3636:tid 256] AH00456: Apache Lounge VC15 Server built: Aug 11 2019 12:20:04
[Mon Oct 19 11:55:38.326562 2020] [core:notice] [pid 3636:tid 256] AH00094: Command line: 'c:\\xampp\\apache\\bin\\httpd.exe -d C:/xampp/apache'
[Mon Oct 19 11:55:38.326562 2020] [mpm_winnt:notice] [pid 3636:tid 256] AH00418: Parent: Created child process 2956
AH00112: Warning: DocumentRoot [C:/xampp/htdocs/wiki/] does not exist
AH00112: Warning: DocumentRoot [C:/xampp/htdocs/wp] does not exist
AH00112: Warning: DocumentRoot [C:/xampp/htdocs/wes] does not exist
[Mon Oct 19 11:55:38.514062 2020] [ssl:warn] [pid 2956:tid 268] AH01909: www.example.com:443:0 server certificate does NOT include an ID which matches the server name
AH00112: Warning: DocumentRoot [C:/xampp/htdocs/wiki/] does not exist
AH00112: Warning: DocumentRoot [C:/xampp/htdocs/wp] does not exist
AH00112: Warning: DocumentRoot [C:/xampp/htdocs/wes] does not exist
[Mon Oct 19 11:55:38.548242 2020] [ssl:warn] [pid 2956:tid 268] AH01909: www.example.com:443:0 server certificate does NOT include an ID which matches the server name
[Mon Oct 19 11:55:38.579492 2020] [mpm_winnt:notice] [pid 2956:tid 268] AH00354: Child: Starting 150 worker threads.
[Mon Oct 19 11:55:44.853906 2020] [authz_core:error] [pid 2956:tid 1548] [client 174.7.115.156:57062] AH01630: client denied by server configuration: C:/xampp/phpMyAdmin/
[Mon Oct 19 11:55:48.620507 2020] [authz_core:error] [pid 2956:tid 1548] [client 174.7.115.156:57062] AH01630: client denied by server configuration: C:/xampp/phpMyAdmin/
[Mon Oct 19 11:55:49.417382 2020] [authz_core:error] [pid 2956:tid 1548] [client 174.7.115.156:57062] AH01630: client denied by server configuration: C:/xampp/phpMyAdmin/
[Mon Oct 19 11:55:50.026757 2020] [authz_core:error] [pid 2956:tid 1548] [client 174.7.115.156:57062] AH01630: client denied by server configuration: C:/xampp/phpMyAdmin/
[Mon Oct 19 11:56:15.218164 2020] [authz_core:error] [pid 2956:tid 1544] [client 174.7.115.156:57061] AH01630: client denied by server configuration: C:/xampp/phpMyAdmin/
[Mon Oct 19 11:56:24.033593 2020] [ssl:warn] [pid 4532:tid 256] AH01909: www.example.com:443:0 server certificate does NOT include an ID which matches the server name
AH00112: Warning: DocumentRoot [C:/xampp/htdocs/wiki/] does not exist
AH00112: Warning: DocumentRoot [C:/xampp/htdocs/wp] does not exist
AH00112: Warning: DocumentRoot [C:/xampp/htdocs/wes] does not exist
[Mon Oct 19 11:56:24.064843 2020] [core:warn] [pid 4532:tid 256] AH00098: pid file C:/xampp/apache/logs/httpd.pid overwritten -- Unclean shutdown of previous Apache run?
[Mon Oct 19 11:56:24.064843 2020] [ssl:warn] [pid 4532:tid 256] AH01909: www.example.com:443:0 server certificate does NOT include an ID which matches the server name
[Mon Oct 19 11:56:24.080468 2020] [mpm_winnt:notice] [pid 4532:tid 256] AH00455: Apache/2.4.41 (Win64) OpenSSL/1.1.1c PHP/7.3.11 configured -- resuming normal operations
[Mon Oct 19 11:56:24.080468 2020] [mpm_winnt:notice] [pid 4532:tid 256] AH00456: Apache Lounge VC15 Server built: Aug 11 2019 12:20:04
[Mon Oct 19 11:56:24.080468 2020] [core:notice] [pid 4532:tid 256] AH00094: Command line: 'c:\\xampp\\apache\\bin\\httpd.exe -d C:/xampp/apache'
[Mon Oct 19 11:56:24.080468 2020] [mpm_winnt:notice] [pid 4532:tid 256] AH00418: Parent: Created child process 984
AH00112: Warning: DocumentRoot [C:/xampp/htdocs/wiki/] does not exist
AH00112: Warning: DocumentRoot [C:/xampp/htdocs/wp] does not exist
AH00112: Warning: DocumentRoot [C:/xampp/htdocs/wes] does not exist
[Mon Oct 19 11:56:24.283593 2020] [ssl:warn] [pid 984:tid 268] AH01909: www.example.com:443:0 server certificate does NOT include an ID which matches the server name
AH00112: Warning: DocumentRoot [C:/xampp/htdocs/wiki/] does not exist
AH00112: Warning: DocumentRoot [C:/xampp/htdocs/wp] does not exist
AH00112: Warning: DocumentRoot [C:/xampp/htdocs/wes] does not exist
[Mon Oct 19 11:56:24.314843 2020] [ssl:warn] [pid 984:tid 268] AH01909: www.example.com:443:0 server certificate does NOT include an ID which matches the server name
[Mon Oct 19 11:56:24.330468 2020] [mpm_winnt:notice] [pid 984:tid 268] AH00354: Child: Starting 150 worker threads.
[Mon Oct 19 11:56:27.237695 2020] [authz_core:error] [pid 984:tid 1552] [client 174.7.115.156:57089] AH01630: client denied by server configuration: C:/xampp/phpMyAdmin/
[Mon Oct 19 11:56:36.903710 2020] [authz_core:error] [pid 984:tid 1548] [client 174.7.115.156:57088] AH01630: client denied by server configuration: C:/xampp/phpMyAdmin/
[Mon Oct 19 11:56:47.125390 2020] [ssl:warn] [pid 5084:tid 256] AH01909: www.example.com:443:0 server certificate does NOT include an ID which matches the server name
AH00112: Warning: DocumentRoot [C:/xampp/htdocs/wiki/] does not exist
AH00112: Warning: DocumentRoot [C:/xampp/htdocs/wp] does not exist
AH00112: Warning: DocumentRoot [C:/xampp/htdocs/wes] does not exist
[Mon Oct 19 11:56:47.156640 2020] [core:warn] [pid 5084:tid 256] AH00098: pid file C:/xampp/apache/logs/httpd.pid overwritten -- Unclean shutdown of previous Apache run?
[Mon Oct 19 11:56:47.156640 2020] [ssl:warn] [pid 5084:tid 256] AH01909: www.example.com:443:0 server certificate does NOT include an ID which matches the server name
[Mon Oct 19 11:56:47.187890 2020] [mpm_winnt:notice] [pid 5084:tid 256] AH00455: Apache/2.4.41 (Win64) OpenSSL/1.1.1c PHP/7.3.11 configured -- resuming normal operations
[Mon Oct 19 11:56:47.187890 2020] [mpm_winnt:notice] [pid 5084:tid 256] AH00456: Apache Lounge VC15 Server built: Aug 11 2019 12:20:04
[Mon Oct 19 11:56:47.187890 2020] [core:notice] [pid 5084:tid 256] AH00094: Command line: 'c:\\xampp\\apache\\bin\\httpd.exe -d C:/xampp/apache'
[Mon Oct 19 11:56:47.187890 2020] [mpm_winnt:notice] [pid 5084:tid 256] AH00418: Parent: Created child process 4052
AH00112: Warning: DocumentRoot [C:/xampp/htdocs/wiki/] does not exist
AH00112: Warning: DocumentRoot [C:/xampp/htdocs/wp] does not exist
AH00112: Warning: DocumentRoot [C:/xampp/htdocs/wes] does not exist
[Mon Oct 19 11:56:47.375390 2020] [ssl:warn] [pid 4052:tid 268] AH01909: www.example.com:443:0 server certificate does NOT include an ID which matches the server name
AH00112: Warning: DocumentRoot [C:/xampp/htdocs/wiki/] does not exist
AH00112: Warning: DocumentRoot [C:/xampp/htdocs/wp] does not exist
AH00112: Warning: DocumentRoot [C:/xampp/htdocs/wes] does not exist
[Mon Oct 19 11:56:47.406640 2020] [ssl:warn] [pid 4052:tid 268] AH01909: www.example.com:443:0 server certificate does NOT include an ID which matches the server name
[Mon Oct 19 11:56:47.422265 2020] [mpm_winnt:notice] [pid 4052:tid 268] AH00354: Child: Starting 150 worker threads.
[Mon Oct 19 11:56:51.485742 2020] [authz_core:error] [pid 4052:tid 1552] [client 174.7.115.156:57099] AH01630: client denied by server configuration: C:/xampp/phpMyAdmin/
[Mon Oct 19 11:56:53.768945 2020] [authz_core:error] [pid 4052:tid 1552] [client 174.7.115.156:57099] AH01630: client denied by server configuration: C:/xampp/phpMyAdmin/
[Mon Oct 19 11:57:22.619531 2020] [ssl:warn] [pid 1932:tid 256] AH01909: www.example.com:443:0 server certificate does NOT include an ID which matches the server name
AH00112: Warning: DocumentRoot [C:/xampp/htdocs/wiki/] does not exist
AH00112: Warning: DocumentRoot [C:/xampp/htdocs/wp] does not exist
AH00112: Warning: DocumentRoot [C:/xampp/htdocs/wes] does not exist
[Mon Oct 19 11:57:22.635156 2020] [core:warn] [pid 1932:tid 256] AH00098: pid file C:/xampp/apache/logs/httpd.pid overwritten -- Unclean shutdown of previous Apache run?
[Mon Oct 19 11:57:22.635156 2020] [ssl:warn] [pid 1932:tid 256] AH01909: www.example.com:443:0 server certificate does NOT include an ID which matches the server name
[Mon Oct 19 11:57:22.666406 2020] [mpm_winnt:notice] [pid 1932:tid 256] AH00455: Apache/2.4.41 (Win64) OpenSSL/1.1.1c PHP/7.3.11 configured -- resuming normal operations
[Mon Oct 19 11:57:22.666406 2020] [mpm_winnt:notice] [pid 1932:tid 256] AH00456: Apache Lounge VC15 Server built: Aug 11 2019 12:20:04
[Mon Oct 19 11:57:22.666406 2020] [core:notice] [pid 1932:tid 256] AH00094: Command line: 'c:\\xampp\\apache\\bin\\httpd.exe -d C:/xampp/apache'
[Mon Oct 19 11:57:22.666406 2020] [mpm_winnt:notice] [pid 1932:tid 256] AH00418: Parent: Created child process 2404
AH00112: Warning: DocumentRoot [C:/xampp/htdocs/wiki/] does not exist
AH00112: Warning: DocumentRoot [C:/xampp/htdocs/wp] does not exist
AH00112: Warning: DocumentRoot [C:/xampp/htdocs/wes] does not exist
[Mon Oct 19 11:57:22.853906 2020] [ssl:warn] [pid 2404:tid 268] AH01909: www.example.com:443:0 server certificate does NOT include an ID which matches the server name
AH00112: Warning: DocumentRoot [C:/xampp/htdocs/wiki/] does not exist
AH00112: Warning: DocumentRoot [C:/xampp/htdocs/wp] does not exist
AH00112: Warning: DocumentRoot [C:/xampp/htdocs/wes] does not exist
[Mon Oct 19 11:57:22.869531 2020] [ssl:warn] [pid 2404:tid 268] AH01909: www.example.com:443:0 server certificate does NOT include an ID which matches the server name
[Mon Oct 19 11:57:22.916406 2020] [mpm_winnt:notice] [pid 2404:tid 268] AH00354: Child: Starting 150 worker threads.
[Mon Oct 19 11:57:26.667382 2020] [authz_core:error] [pid 2404:tid 1544] [client 174.7.115.156:57115] AH01630: client denied by server configuration: C:/xampp/phpMyAdmin/
[Mon Oct 19 11:57:27.870507 2020] [authz_core:error] [pid 2404:tid 1544] [client 174.7.115.156:57115] AH01630: client denied by server configuration: C:/xampp/phpMyAdmin/
[Mon Oct 19 11:57:28.965234 2020] [authz_core:error] [pid 2404:tid 1544] [client 174.7.115.156:57115] AH01630: client denied by server configuration: C:/xampp/phpMyAdmin/
[Mon Oct 19 11:57:33.670312 2020] [authz_core:error] [pid 2404:tid 1544] [client 174.7.115.156:57115] AH01630: client denied by server configuration: C:/xampp/phpMyAdmin/
[Mon Oct 19 11:57:34.732812 2020] [authz_core:error] [pid 2404:tid 1544] [client 174.7.115.156:57115] AH01630: client denied by server configuration: C:/xampp/phpMyAdmin/
[Mon Oct 19 11:59:00.407617 2020] [ssl:warn] [pid 4440:tid 256] AH01909: www.example.com:443:0 server certificate does NOT include an ID which matches the server name
AH00112: Warning: DocumentRoot [C:/xampp/htdocs/wiki/] does not exist
AH00112: Warning: DocumentRoot [C:/xampp/htdocs/wp] does not exist
AH00112: Warning: DocumentRoot [C:/xampp/htdocs/wes] does not exist
[Mon Oct 19 11:59:00.438867 2020] [core:warn] [pid 4440:tid 256] AH00098: pid file C:/xampp/apache/logs/httpd.pid overwritten -- Unclean shutdown of previous Apache run?
[Mon Oct 19 11:59:00.438867 2020] [ssl:warn] [pid 4440:tid 256] AH01909: www.example.com:443:0 server certificate does NOT include an ID which matches the server name
[Mon Oct 19 11:59:00.470117 2020] [mpm_winnt:notice] [pid 4440:tid 256] AH00455: Apache/2.4.41 (Win64) OpenSSL/1.1.1c PHP/7.3.11 configured -- resuming normal operations
[Mon Oct 19 11:59:00.470117 2020] [mpm_winnt:notice] [pid 4440:tid 256] AH00456: Apache Lounge VC15 Server built: Aug 11 2019 12:20:04
[Mon Oct 19 11:59:00.470117 2020] [core:notice] [pid 4440:tid 256] AH00094: Command line: 'c:\\xampp\\apache\\bin\\httpd.exe -d C:/xampp/apache'
[Mon Oct 19 11:59:00.470117 2020] [mpm_winnt:notice] [pid 4440:tid 256] AH00418: Parent: Created child process 1832
AH00112: Warning: DocumentRoot [C:/xampp/htdocs/wiki/] does not exist
AH00112: Warning: DocumentRoot [C:/xampp/htdocs/wp] does not exist
AH00112: Warning: DocumentRoot [C:/xampp/htdocs/wes] does not exist
[Mon Oct 19 11:59:00.673242 2020] [ssl:warn] [pid 1832:tid 268] AH01909: www.example.com:443:0 server certificate does NOT include an ID which matches the server name
AH00112: Warning: DocumentRoot [C:/xampp/htdocs/wiki/] does not exist
AH00112: Warning: DocumentRoot [C:/xampp/htdocs/wp] does not exist
AH00112: Warning: DocumentRoot [C:/xampp/htdocs/wes] does not exist
[Mon Oct 19 11:59:00.704492 2020] [ssl:warn] [pid 1832:tid 268] AH01909: www.example.com:443:0 server certificate does NOT include an ID which matches the server name
[Mon Oct 19 11:59:00.735742 2020] [mpm_winnt:notice] [pid 1832:tid 268] AH00354: Child: Starting 150 worker threads.
[Mon Oct 19 11:59:11.380273 2020] [authz_core:error] [pid 1832:tid 1540] [client 174.7.115.156:57158] AH01630: client denied by server configuration: C:/xampp/phpMyAdmin/
[Mon Oct 19 12:03:29.511918 2020] [ssl:warn] [pid 3380:tid 256] AH01909: www.example.com:443:0 server certificate does NOT include an ID which matches the server name
AH00112: Warning: DocumentRoot [C:/xampp/htdocs/wiki/] does not exist
AH00112: Warning: DocumentRoot [C:/xampp/htdocs/wp] does not exist
AH00112: Warning: DocumentRoot [C:/xampp/htdocs/wes] does not exist
[Mon Oct 19 12:03:29.527517 2020] [core:warn] [pid 3380:tid 256] AH00098: pid file C:/xampp/apache/logs/httpd.pid overwritten -- Unclean shutdown of previous Apache run?
[Mon Oct 19 12:03:29.543116 2020] [ssl:warn] [pid 3380:tid 256] AH01909: www.example.com:443:0 server certificate does NOT include an ID which matches the server name
[Mon Oct 19 12:03:29.558716 2020] [mpm_winnt:notice] [pid 3380:tid 256] AH00455: Apache/2.4.41 (Win64) OpenSSL/1.1.1c PHP/7.3.11 configured -- resuming normal operations
[Mon Oct 19 12:03:29.558716 2020] [mpm_winnt:notice] [pid 3380:tid 256] AH00456: Apache Lounge VC15 Server built: Aug 11 2019 12:20:04
[Mon Oct 19 12:03:29.558716 2020] [core:notice] [pid 3380:tid 256] AH00094: Command line: 'c:\\xampp\\apache\\bin\\httpd.exe -d C:/xampp/apache'
[Mon Oct 19 12:03:29.558716 2020] [mpm_winnt:notice] [pid 3380:tid 256] AH00418: Parent: Created child process 4460
AH00112: Warning: DocumentRoot [C:/xampp/htdocs/wiki/] does not exist
AH00112: Warning: DocumentRoot [C:/xampp/htdocs/wp] does not exist
AH00112: Warning: DocumentRoot [C:/xampp/htdocs/wes] does not exist
[Mon Oct 19 12:03:29.761505 2020] [ssl:warn] [pid 4460:tid 268] AH01909: www.example.com:443:0 server certificate does NOT include an ID which matches the server name
AH00112: Warning: DocumentRoot [C:/xampp/htdocs/wiki/] does not exist
AH00112: Warning: DocumentRoot [C:/xampp/htdocs/wp] does not exist
AH00112: Warning: DocumentRoot [C:/xampp/htdocs/wes] does not exist
[Mon Oct 19 12:03:29.777104 2020] [ssl:warn] [pid 4460:tid 268] AH01909: www.example.com:443:0 server certificate does NOT include an ID which matches the server name
[Mon Oct 19 12:03:29.808303 2020] [mpm_winnt:notice] [pid 4460:tid 268] AH00354: Child: Starting 150 worker threads.
[Mon Oct 19 12:05:24.541387 2020] [ssl:warn] [pid 3352:tid 256] AH01909: www.example.com:443:0 server certificate does NOT include an ID which matches the server name
AH00112: Warning: DocumentRoot [C:/xampp/htdocs/wiki/] does not exist
AH00112: Warning: DocumentRoot [C:/xampp/htdocs/wp] does not exist
AH00112: Warning: DocumentRoot [C:/xampp/htdocs/wes] does not exist
[Mon Oct 19 12:05:24.572586 2020] [core:warn] [pid 3352:tid 256] AH00098: pid file C:/xampp/apache/logs/httpd.pid overwritten -- Unclean shutdown of previous Apache run?
[Mon Oct 19 12:05:24.572586 2020] [ssl:warn] [pid 3352:tid 256] AH01909: www.example.com:443:0 server certificate does NOT include an ID which matches the server name
[Mon Oct 19 12:05:24.603784 2020] [mpm_winnt:notice] [pid 3352:tid 256] AH00455: Apache/2.4.41 (Win64) OpenSSL/1.1.1c PHP/7.3.11 configured -- resuming normal operations
[Mon Oct 19 12:05:24.603784 2020] [mpm_winnt:notice] [pid 3352:tid 256] AH00456: Apache Lounge VC15 Server built: Aug 11 2019 12:20:04
[Mon Oct 19 12:05:24.603784 2020] [core:notice] [pid 3352:tid 256] AH00094: Command line: 'c:\\xampp\\apache\\bin\\httpd.exe -d C:/xampp/apache'
[Mon Oct 19 12:05:24.603784 2020] [mpm_winnt:notice] [pid 3352:tid 256] AH00418: Parent: Created child process 5052
AH00112: Warning: DocumentRoot [C:/xampp/htdocs/wiki/] does not exist
AH00112: Warning: DocumentRoot [C:/xampp/htdocs/wp] does not exist
AH00112: Warning: DocumentRoot [C:/xampp/htdocs/wes] does not exist
[Mon Oct 19 12:05:24.790974 2020] [ssl:warn] [pid 5052:tid 268] AH01909: www.example.com:443:0 server certificate does NOT include an ID which matches the server name
AH00112: Warning: DocumentRoot [C:/xampp/htdocs/wiki/] does not exist
AH00112: Warning: DocumentRoot [C:/xampp/htdocs/wp] does not exist
AH00112: Warning: DocumentRoot [C:/xampp/htdocs/wes] does not exist
[Mon Oct 19 12:05:24.822173 2020] [ssl:warn] [pid 5052:tid 268] AH01909: www.example.com:443:0 server certificate does NOT include an ID which matches the server name
[Mon Oct 19 12:05:24.853371 2020] [mpm_winnt:notice] [pid 5052:tid 268] AH00354: Child: Starting 150 worker threads.
[Mon Oct 19 12:06:13.602819 2020] [ssl:warn] [pid 624:tid 256] AH01909: www.example.com:443:0 server certificate does NOT include an ID which matches the server name
AH00112: Warning: DocumentRoot [C:/xampp/htdocs/wiki/] does not exist
AH00112: Warning: DocumentRoot [C:/xampp/htdocs/wp] does not exist
AH00112: Warning: DocumentRoot [C:/xampp/htdocs/wes] does not exist
[Mon Oct 19 12:06:13.618418 2020] [core:warn] [pid 624:tid 256] AH00098: pid file C:/xampp/apache/logs/httpd.pid overwritten -- Unclean shutdown of previous Apache run?
[Mon Oct 19 12:06:13.618418 2020] [ssl:warn] [pid 624:tid 256] AH01909: www.example.com:443:0 server certificate does NOT include an ID which matches the server name
[Mon Oct 19 12:06:13.644740 2020] [mpm_winnt:notice] [pid 624:tid 256] AH00455: Apache/2.4.41 (Win64) OpenSSL/1.1.1c PHP/7.3.11 configured -- resuming normal operations
[Mon Oct 19 12:06:13.644740 2020] [mpm_winnt:notice] [pid 624:tid 256] AH00456: Apache Lounge VC15 Server built: Aug 11 2019 12:20:04
[Mon Oct 19 12:06:13.644740 2020] [core:notice] [pid 624:tid 256] AH00094: Command line: 'c:\\xampp\\apache\\bin\\httpd.exe -d C:/xampp/apache'
[Mon Oct 19 12:06:13.646690 2020] [mpm_winnt:notice] [pid 624:tid 256] AH00418: Parent: Created child process 4460
AH00112: Warning: DocumentRoot [C:/xampp/htdocs/wiki/] does not exist
AH00112: Warning: DocumentRoot [C:/xampp/htdocs/wp] does not exist
AH00112: Warning: DocumentRoot [C:/xampp/htdocs/wes] does not exist
[Mon Oct 19 12:06:13.865079 2020] [ssl:warn] [pid 4460:tid 268] AH01909: www.example.com:443:0 server certificate does NOT include an ID which matches the server name
AH00112: Warning: DocumentRoot [C:/xampp/htdocs/wiki/] does not exist
AH00112: Warning: DocumentRoot [C:/xampp/htdocs/wp] does not exist
AH00112: Warning: DocumentRoot [C:/xampp/htdocs/wes] does not exist
[Mon Oct 19 12:06:13.896277 2020] [ssl:warn] [pid 4460:tid 268] AH01909: www.example.com:443:0 server certificate does NOT include an ID which matches the server name
[Mon Oct 19 12:06:13.911876 2020] [mpm_winnt:notice] [pid 4460:tid 268] AH00354: Child: Starting 150 worker threads.
[Mon Oct 19 12:07:01.924259 2020] [ssl:warn] [pid 2036:tid 256] AH01909: www.example.com:443:0 server certificate does NOT include an ID which matches the server name
AH00112: Warning: DocumentRoot [C:/xampp/htdocs/wiki/] does not exist
AH00112: Warning: DocumentRoot [C:/xampp/htdocs/wp] does not exist
AH00112: Warning: DocumentRoot [C:/xampp/htdocs/wes] does not exist
[Mon Oct 19 12:07:01.955457 2020] [core:warn] [pid 2036:tid 256] AH00098: pid file C:/xampp/apache/logs/httpd.pid overwritten -- Unclean shutdown of previous Apache run?
[Mon Oct 19 12:07:01.955457 2020] [ssl:warn] [pid 2036:tid 256] AH01909: www.example.com:443:0 server certificate does NOT include an ID which matches the server name
[Mon Oct 19 12:07:01.986655 2020] [mpm_winnt:notice] [pid 2036:tid 256] AH00455: Apache/2.4.41 (Win64) OpenSSL/1.1.1c PHP/7.3.11 configured -- resuming normal operations
[Mon Oct 19 12:07:01.986655 2020] [mpm_winnt:notice] [pid 2036:tid 256] AH00456: Apache Lounge VC15 Server built: Aug 11 2019 12:20:04
[Mon Oct 19 12:07:01.986655 2020] [core:notice] [pid 2036:tid 256] AH00094: Command line: 'c:\\xampp\\apache\\bin\\httpd.exe -d C:/xampp/apache'
[Mon Oct 19 12:07:01.986655 2020] [mpm_winnt:notice] [pid 2036:tid 256] AH00418: Parent: Created child process 3268
AH00112: Warning: DocumentRoot [C:/xampp/htdocs/wiki/] does not exist
AH00112: Warning: DocumentRoot [C:/xampp/htdocs/wp] does not exist
AH00112: Warning: DocumentRoot [C:/xampp/htdocs/wes] does not exist
[Mon Oct 19 12:07:02.173846 2020] [ssl:warn] [pid 3268:tid 268] AH01909: www.example.com:443:0 server certificate does NOT include an ID which matches the server name
AH00112: Warning: DocumentRoot [C:/xampp/htdocs/wiki/] does not exist
AH00112: Warning: DocumentRoot [C:/xampp/htdocs/wp] does not exist
AH00112: Warning: DocumentRoot [C:/xampp/htdocs/wes] does not exist
[Mon Oct 19 12:07:02.205044 2020] [ssl:warn] [pid 3268:tid 268] AH01909: www.example.com:443:0 server certificate does NOT include an ID which matches the server name
[Mon Oct 19 12:07:02.236243 2020] [mpm_winnt:notice] [pid 3268:tid 268] AH00354: Child: Starting 150 worker threads.
[Mon Oct 19 12:07:06.418778 2020] [authz_core:error] [pid 3268:tid 1552] [client 174.7.115.156:57342] AH01630: client denied by server configuration: C:/xampp/phpMyAdmin/
[Mon Oct 19 12:25:10.991955 2020] [ssl:warn] [pid 2248:tid 256] AH01909: www.example.com:443:0 server certificate does NOT include an ID which matches the server name
AH00112: Warning: DocumentRoot [C:/xampp/htdocs/wiki/] does not exist
AH00112: Warning: DocumentRoot [C:/xampp/htdocs/wp] does not exist
AH00112: Warning: DocumentRoot [C:/xampp/htdocs/wes] does not exist
[Mon Oct 19 12:25:11.007561 2020] [core:warn] [pid 2248:tid 256] AH00098: pid file C:/xampp/apache/logs/httpd.pid overwritten -- Unclean shutdown of previous Apache run?
[Mon Oct 19 12:25:11.023167 2020] [ssl:warn] [pid 2248:tid 256] AH01909: www.example.com:443:0 server certificate does NOT include an ID which matches the server name
[Mon Oct 19 12:25:11.054380 2020] [mpm_winnt:notice] [pid 2248:tid 256] AH00455: Apache/2.4.41 (Win64) OpenSSL/1.1.1c PHP/7.3.11 configured -- resuming normal operations
[Mon Oct 19 12:25:11.054380 2020] [mpm_winnt:notice] [pid 2248:tid 256] AH00456: Apache Lounge VC15 Server built: Aug 11 2019 12:20:04
[Mon Oct 19 12:25:11.054380 2020] [core:notice] [pid 2248:tid 256] AH00094: Command line: 'c:\\xampp\\apache\\bin\\httpd.exe -d C:/xampp/apache'
[Mon Oct 19 12:25:11.054380 2020] [mpm_winnt:notice] [pid 2248:tid 256] AH00418: Parent: Created child process 2604
AH00112: Warning: DocumentRoot [C:/xampp/htdocs/wiki/] does not exist
AH00112: Warning: DocumentRoot [C:/xampp/htdocs/wp] does not exist
AH00112: Warning: DocumentRoot [C:/xampp/htdocs/wes] does not exist
[Mon Oct 19 12:25:11.257263 2020] [ssl:warn] [pid 2604:tid 268] AH01909: www.example.com:443:0 server certificate does NOT include an ID which matches the server name
AH00112: Warning: DocumentRoot [C:/xampp/htdocs/wiki/] does not exist
AH00112: Warning: DocumentRoot [C:/xampp/htdocs/wp] does not exist
AH00112: Warning: DocumentRoot [C:/xampp/htdocs/wes] does not exist
[Mon Oct 19 12:25:11.272870 2020] [ssl:warn] [pid 2604:tid 268] AH01909: www.example.com:443:0 server certificate does NOT include an ID which matches the server name
[Mon Oct 19 12:25:11.304083 2020] [mpm_winnt:notice] [pid 2604:tid 268] AH00354: Child: Starting 150 worker threads.
[Mon Oct 19 12:44:10.887489 2020] [ssl:warn] [pid 2124:tid 256] AH01909: www.example.com:443:0 server certificate does NOT include an ID which matches the server name
AH00112: Warning: DocumentRoot [C:/xampp/htdocs/wiki/] does not exist
AH00112: Warning: DocumentRoot [C:/xampp/htdocs/wp] does not exist
AH00112: Warning: DocumentRoot [C:/xampp/htdocs/wes] does not exist
[Mon Oct 19 12:44:10.903098 2020] [core:warn] [pid 2124:tid 256] AH00098: pid file C:/xampp/apache/logs/httpd.pid overwritten -- Unclean shutdown of previous Apache run?
[Mon Oct 19 12:44:10.918706 2020] [ssl:warn] [pid 2124:tid 256] AH01909: www.example.com:443:0 server certificate does NOT include an ID which matches the server name
[Mon Oct 19 12:44:10.934314 2020] [mpm_winnt:notice] [pid 2124:tid 256] AH00455: Apache/2.4.41 (Win64) OpenSSL/1.1.1c PHP/7.3.11 configured -- resuming normal operations
[Mon Oct 19 12:44:10.934314 2020] [mpm_winnt:notice] [pid 2124:tid 256] AH00456: Apache Lounge VC15 Server built: Aug 11 2019 12:20:04
[Mon Oct 19 12:44:10.934314 2020] [core:notice] [pid 2124:tid 256] AH00094: Command line: 'c:\\xampp\\apache\\bin\\httpd.exe -d C:/xampp/apache'
[Mon Oct 19 12:44:10.934314 2020] [mpm_winnt:notice] [pid 2124:tid 256] AH00418: Parent: Created child process 1196
AH00112: Warning: DocumentRoot [C:/xampp/htdocs/wiki/] does not exist
AH00112: Warning: DocumentRoot [C:/xampp/htdocs/wp] does not exist
AH00112: Warning: DocumentRoot [C:/xampp/htdocs/wes] does not exist
[Mon Oct 19 12:44:11.152831 2020] [ssl:warn] [pid 1196:tid 268] AH01909: www.example.com:443:0 server certificate does NOT include an ID which matches the server name
AH00112: Warning: DocumentRoot [C:/xampp/htdocs/wiki/] does not exist
AH00112: Warning: DocumentRoot [C:/xampp/htdocs/wp] does not exist
AH00112: Warning: DocumentRoot [C:/xampp/htdocs/wes] does not exist
[Mon Oct 19 12:44:11.184047 2020] [ssl:warn] [pid 1196:tid 268] AH01909: www.example.com:443:0 server certificate does NOT include an ID which matches the server name
[Mon Oct 19 12:44:11.199655 2020] [mpm_winnt:notice] [pid 1196:tid 268] AH00354: Child: Starting 150 worker threads.
[Mon Oct 19 12:44:50.757524 2020] [ssl:warn] [pid 3620:tid 256] AH01909: www.example.com:443:0 server certificate does NOT include an ID which matches the server name
AH00112: Warning: DocumentRoot [C:/xampp/htdocs/wiki/] does not exist
AH00112: Warning: DocumentRoot [C:/xampp/htdocs/wp] does not exist
AH00112: Warning: DocumentRoot [C:/xampp/htdocs/wes] does not exist
[Mon Oct 19 12:44:50.788717 2020] [core:warn] [pid 3620:tid 256] AH00098: pid file C:/xampp/apache/logs/httpd.pid overwritten -- Unclean shutdown of previous Apache run?
[Mon Oct 19 12:44:50.788717 2020] [ssl:warn] [pid 3620:tid 256] AH01909: www.example.com:443:0 server certificate does NOT include an ID which matches the server name
[Mon Oct 19 12:44:50.819910 2020] [mpm_winnt:notice] [pid 3620:tid 256] AH00455: Apache/2.4.41 (Win64) OpenSSL/1.1.1c PHP/7.3.11 configured -- resuming normal operations
[Mon Oct 19 12:44:50.819910 2020] [mpm_winnt:notice] [pid 3620:tid 256] AH00456: Apache Lounge VC15 Server built: Aug 11 2019 12:20:04
[Mon Oct 19 12:44:50.819910 2020] [core:notice] [pid 3620:tid 256] AH00094: Command line: 'c:\\xampp\\apache\\bin\\httpd.exe -d C:/xampp/apache'
[Mon Oct 19 12:44:50.819910 2020] [mpm_winnt:notice] [pid 3620:tid 256] AH00418: Parent: Created child process 3612
AH00112: Warning: DocumentRoot [C:/xampp/htdocs/wiki/] does not exist
AH00112: Warning: DocumentRoot [C:/xampp/htdocs/wp] does not exist
AH00112: Warning: DocumentRoot [C:/xampp/htdocs/wes] does not exist
[Mon Oct 19 12:44:51.007068 2020] [ssl:warn] [pid 3612:tid 268] AH01909: www.example.com:443:0 server certificate does NOT include an ID which matches the server name
AH00112: Warning: DocumentRoot [C:/xampp/htdocs/wiki/] does not exist
AH00112: Warning: DocumentRoot [C:/xampp/htdocs/wp] does not exist
AH00112: Warning: DocumentRoot [C:/xampp/htdocs/wes] does not exist
[Mon Oct 19 12:44:51.038261 2020] [ssl:warn] [pid 3612:tid 268] AH01909: www.example.com:443:0 server certificate does NOT include an ID which matches the server name
[Mon Oct 19 12:44:51.069454 2020] [mpm_winnt:notice] [pid 3612:tid 268] AH00354: Child: Starting 150 worker threads.
[Mon Oct 19 12:44:53.986975 2020] [authz_core:error] [pid 3612:tid 1552] [client 174.7.115.156:58322] AH01630: client denied by server configuration: C:/xampp/phpMyAdmin/
[Mon Oct 19 12:53:02.552797 2020] [php7:notice] [pid 3612:tid 1544] [client 174.7.115.156:58527] PHP Warning:  include(C:/xampp/htdocs///header.php): failed to open stream: No such file or directory in C:\\xampp\\htdocs\\index.php on line 1
[Mon Oct 19 12:53:02.552797 2020] [php7:notice] [pid 3612:tid 1544] [client 174.7.115.156:58527] PHP Stack trace:
[Mon Oct 19 12:53:02.552797 2020] [php7:notice] [pid 3612:tid 1544] [client 174.7.115.156:58527] PHP   1. {main}() C:\\xampp\\htdocs\\index.php:0
[Mon Oct 19 12:53:02.552797 2020] [php7:notice] [pid 3612:tid 1544] [client 174.7.115.156:58527] PHP Warning:  include(): Failed opening 'C:/xampp/htdocs///header.php' for inclusion (include_path='C:\\xampp\\php\\PEAR') in C:\\xampp\\htdocs\\index.php on line 1
[Mon Oct 19 12:53:02.552797 2020] [php7:notice] [pid 3612:tid 1544] [client 174.7.115.156:58527] PHP Stack trace:
[Mon Oct 19 12:53:02.552797 2020] [php7:notice] [pid 3612:tid 1544] [client 174.7.115.156:58527] PHP   1. {main}() C:\\xampp\\htdocs\\index.php:0
[Mon Oct 19 12:53:02.552797 2020] [php7:notice] [pid 3612:tid 1544] [client 174.7.115.156:58527] PHP Warning:  include(C:/xampp/htdocs///footer.php): failed to open stream: No such file or directory in C:\\xampp\\htdocs\\index.php on line 14
[Mon Oct 19 12:53:02.552797 2020] [php7:notice] [pid 3612:tid 1544] [client 174.7.115.156:58527] PHP Stack trace:
[Mon Oct 19 12:53:02.552797 2020] [php7:notice] [pid 3612:tid 1544] [client 174.7.115.156:58527] PHP   1. {main}() C:\\xampp\\htdocs\\index.php:0
[Mon Oct 19 12:53:02.552797 2020] [php7:notice] [pid 3612:tid 1544] [client 174.7.115.156:58527] PHP Warning:  include(): Failed opening 'C:/xampp/htdocs///footer.php' for inclusion (include_path='C:\\xampp\\php\\PEAR') in C:\\xampp\\htdocs\\index.php on line 14
[Mon Oct 19 12:53:02.552797 2020] [php7:notice] [pid 3612:tid 1544] [client 174.7.115.156:58527] PHP Stack trace:
[Mon Oct 19 12:53:02.552797 2020] [php7:notice] [pid 3612:tid 1544] [client 174.7.115.156:58527] PHP   1. {main}() C:\\xampp\\htdocs\\index.php:0
[Mon Oct 19 12:53:29.743520 2020] [ssl:warn] [pid 3700:tid 256] AH01909: www.example.com:443:0 server certificate does NOT include an ID which matches the server name
AH00112: Warning: DocumentRoot [C:/xampp/htdocs/wiki/] does not exist
AH00112: Warning: DocumentRoot [C:/xampp/htdocs/wp] does not exist
AH00112: Warning: DocumentRoot [C:/xampp/htdocs/wes] does not exist
[Mon Oct 19 12:53:29.774713 2020] [core:warn] [pid 3700:tid 256] AH00098: pid file C:/xampp/apache/logs/httpd.pid overwritten -- Unclean shutdown of previous Apache run?
[Mon Oct 19 12:53:29.774713 2020] [ssl:warn] [pid 3700:tid 256] AH01909: www.example.com:443:0 server certificate does NOT include an ID which matches the server name
[Mon Oct 19 12:53:29.805906 2020] [mpm_winnt:notice] [pid 3700:tid 256] AH00455: Apache/2.4.41 (Win64) OpenSSL/1.1.1c PHP/7.3.11 configured -- resuming normal operations
[Mon Oct 19 12:53:29.805906 2020] [mpm_winnt:notice] [pid 3700:tid 256] AH00456: Apache Lounge VC15 Server built: Aug 11 2019 12:20:04
[Mon Oct 19 12:53:29.805906 2020] [core:notice] [pid 3700:tid 256] AH00094: Command line: 'c:\\xampp\\apache\\bin\\httpd.exe -d C:/xampp/apache'
[Mon Oct 19 12:53:29.805906 2020] [mpm_winnt:notice] [pid 3700:tid 256] AH00418: Parent: Created child process 3920
AH00112: Warning: DocumentRoot [C:/xampp/htdocs/wiki/] does not exist
AH00112: Warning: DocumentRoot [C:/xampp/htdocs/wp] does not exist
AH00112: Warning: DocumentRoot [C:/xampp/htdocs/wes] does not exist
[Mon Oct 19 12:53:30.008662 2020] [ssl:warn] [pid 3920:tid 268] AH01909: www.example.com:443:0 server certificate does NOT include an ID which matches the server name
AH00112: Warning: DocumentRoot [C:/xampp/htdocs/wiki/] does not exist
AH00112: Warning: DocumentRoot [C:/xampp/htdocs/wp] does not exist
AH00112: Warning: DocumentRoot [C:/xampp/htdocs/wes] does not exist
[Mon Oct 19 12:53:30.039855 2020] [ssl:warn] [pid 3920:tid 268] AH01909: www.example.com:443:0 server certificate does NOT include an ID which matches the server name
[Mon Oct 19 12:53:30.055452 2020] [mpm_winnt:notice] [pid 3920:tid 268] AH00354: Child: Starting 150 worker threads.
[Mon Oct 19 12:53:43.113705 2020] [php7:notice] [pid 3920:tid 1536] [client 174.7.115.156:58566] PHP Warning:  include(C:/xampp/htdocs///header.php): failed to open stream: No such file or directory in C:\\xampp\\htdocs\\index.php on line 1
[Mon Oct 19 12:53:43.113705 2020] [php7:notice] [pid 3920:tid 1536] [client 174.7.115.156:58566] PHP Stack trace:
[Mon Oct 19 12:53:43.113705 2020] [php7:notice] [pid 3920:tid 1536] [client 174.7.115.156:58566] PHP   1. {main}() C:\\xampp\\htdocs\\index.php:0
[Mon Oct 19 12:53:43.113705 2020] [php7:notice] [pid 3920:tid 1536] [client 174.7.115.156:58566] PHP Warning:  include(): Failed opening 'C:/xampp/htdocs///header.php' for inclusion (include_path='C:\\xampp\\php\\PEAR') in C:\\xampp\\htdocs\\index.php on line 1
[Mon Oct 19 12:53:43.113705 2020] [php7:notice] [pid 3920:tid 1536] [client 174.7.115.156:58566] PHP Stack trace:
[Mon Oct 19 12:53:43.113705 2020] [php7:notice] [pid 3920:tid 1536] [client 174.7.115.156:58566] PHP   1. {main}() C:\\xampp\\htdocs\\index.php:0
[Mon Oct 19 12:53:43.113705 2020] [php7:notice] [pid 3920:tid 1536] [client 174.7.115.156:58566] PHP Warning:  include(C:/xampp/htdocs///footer.php): failed to open stream: No such file or directory in C:\\xampp\\htdocs\\index.php on line 14
[Mon Oct 19 12:53:43.113705 2020] [php7:notice] [pid 3920:tid 1536] [client 174.7.115.156:58566] PHP Stack trace:
[Mon Oct 19 12:53:43.113705 2020] [php7:notice] [pid 3920:tid 1536] [client 174.7.115.156:58566] PHP   1. {main}() C:\\xampp\\htdocs\\index.php:0
[Mon Oct 19 12:53:43.113705 2020] [php7:notice] [pid 3920:tid 1536] [client 174.7.115.156:58566] PHP Warning:  include(): Failed opening 'C:/xampp/htdocs///footer.php' for inclusion (include_path='C:\\xampp\\php\\PEAR') in C:\\xampp\\htdocs\\index.php on line 14
[Mon Oct 19 12:53:43.113705 2020] [php7:notice] [pid 3920:tid 1536] [client 174.7.115.156:58566] PHP Stack trace:
[Mon Oct 19 12:53:43.113705 2020] [php7:notice] [pid 3920:tid 1536] [client 174.7.115.156:58566] PHP   1. {main}() C:\\xampp\\htdocs\\index.php:0
